02-Feb-2026 14:30:29.655 INFO [main] org.apache.catalina.startup.VersionLoggerListener.log Server version name:   Apache Tomcat/10.1.50
02-Feb-2026 14:30:29.657 INFO [main] org.apache.catalina.startup.VersionLoggerListener.log Server built:          Dec 2 2025 22:57:41 UTC
02-Feb-2026 14:30:29.657 INFO [main] org.apache.catalina.startup.VersionLoggerListener.log Server version number: 10.1.50.0
02-Feb-2026 14:30:29.657 INFO [main] org.apache.catalina.startup.VersionLoggerListener.log OS Name:               Windows 11
02-Feb-2026 14:30:29.657 INFO [main] org.apache.catalina.startup.VersionLoggerListener.log OS Version:            10.0
02-Feb-2026 14:30:29.657 INFO [main] org.apache.catalina.startup.VersionLoggerListener.log Architecture:          amd64
02-Feb-2026 14:30:29.657 INFO [main] org.apache.catalina.startup.VersionLoggerListener.log Java Home:             E:\CodeTools\Apache NetBeans\jdk
02-Feb-2026 14:30:29.657 INFO [main] org.apache.catalina.startup.VersionLoggerListener.log JVM Version:           25.0.1+8-LTS
02-Feb-2026 14:30:29.657 INFO [main] org.apache.catalina.startup.VersionLoggerListener.log JVM Vendor:            Eclipse Adoptium
02-Feb-2026 14:30:29.657 INFO [main] org.apache.catalina.startup.VersionLoggerListener.log CATALINA_BASE:         E:\CodeTools\Tomcat 10.1
02-Feb-2026 14:30:29.658 INFO [main] org.apache.catalina.startup.VersionLoggerListener.log CATALINA_HOME:         E:\CodeTools\Tomcat 10.1
02-Feb-2026 14:30:29.665 INFO [main] org.apache.catalina.startup.VersionLoggerListener.log Command line argument: -Djava.util.logging.config.file=E:\CodeTools\Tomcat 10.1\conf\logging.properties
02-Feb-2026 14:30:29.665 INFO [main] org.apache.catalina.startup.VersionLoggerListener.log Command line argument: -Djava.util.logging.manager=org.apache.juli.ClassLoaderLogManager
02-Feb-2026 14:30:29.665 INFO [main] org.apache.catalina.startup.VersionLoggerListener.log Command line argument: -Djdk.tls.ephemeralDHKeySize=2048
02-Feb-2026 14:30:29.665 INFO [main] org.apache.catalina.startup.VersionLoggerListener.log Command line argument: -Djava.protocol.handler.pkgs=org.apache.catalina.webresources
02-Feb-2026 14:30:29.665 INFO [main] org.apache.catalina.startup.VersionLoggerListener.log Command line argument: -Dsun.io.useCanonCaches=false
02-Feb-2026 14:30:29.666 INFO [main] org.apache.catalina.startup.VersionLoggerListener.log Command line argument: --add-opens=java.base/java.lang=ALL-UNNAMED
02-Feb-2026 14:30:29.666 INFO [main] org.apache.catalina.startup.VersionLoggerListener.log Command line argument: --add-opens=java.base/java.lang.reflect=ALL-UNNAMED
02-Feb-2026 14:30:29.666 INFO [main] org.apache.catalina.startup.VersionLoggerListener.log Command line argument: --add-opens=java.base/java.io=ALL-UNNAMED
02-Feb-2026 14:30:29.666 INFO [main] org.apache.catalina.startup.VersionLoggerListener.log Command line argument: --add-opens=java.base/java.util=ALL-UNNAMED
02-Feb-2026 14:30:29.666 INFO [main] org.apache.catalina.startup.VersionLoggerListener.log Command line argument: --add-opens=java.base/java.util.concurrent=ALL-UNNAMED
02-Feb-2026 14:30:29.666 INFO [main] org.apache.catalina.startup.VersionLoggerListener.log Command line argument: --add-opens=java.rmi/sun.rmi.transport=ALL-UNNAMED
02-Feb-2026 14:30:29.666 INFO [main] org.apache.catalina.startup.VersionLoggerListener.log Command line argument: -Dcatalina.base=E:\CodeTools\Tomcat 10.1
02-Feb-2026 14:30:29.666 INFO [main] org.apache.catalina.startup.VersionLoggerListener.log Command line argument: -Dcatalina.home=E:\CodeTools\Tomcat 10.1
02-Feb-2026 14:30:29.666 INFO [main] org.apache.catalina.startup.VersionLoggerListener.log Command line argument: -Djava.io.tmpdir=E:\CodeTools\Tomcat 10.1\temp
02-Feb-2026 14:30:29.744 INFO [main] org.apache.catalina.core.AprLifecycleListener.lifecycleEvent The Apache Tomcat Native library which allows using OpenSSL was not found on the java.library.path: [E:\CodeTools\Apache NetBeans\jdk\bin;C:\WINDOWS\Sun\Java\bin;C:\WINDOWS\system32;C:\WINDOWS;E:\CodeTools\VMware\bin\;C:\Program Files\Common Files\Oracle\Java\javapath;C:\Program Files\Eclipse Adoptium\jdk-17.0.16.8-hotspot\bin;C:\Program Files (x86)\Common Files\Oracle\Java\javapath;C:\WINDOWS\system32;C:\WINDOWS;C:\WINDOWS\System32\Wbem;C:\WINDOWS\System32\WindowsPowerShell\v1.0\;C:\WINDOWS\System32\OpenSSH\;C:\Program Files (x86)\NVIDIA Corporation\PhysX\Common;D:\app\Git\cmd;C:\Program Files\dotnet\;C:\Program Files\Eclipse Adoptium\jdk-17.0.16.8-hotspot\\bin;C:\Program Files (x86)\Microsoft SQL Server\160\Tools\Binn\;C:\Program Files\Microsoft SQL Server\160\Tools\Binn\;C:\Program Files\Microsoft SQL Server\Client SDK\ODBC\170\Tools\Binn\;C:\Program Files\Microsoft SQL Server\160\DTS\Binn\;D:\app\Graphviz\bin;C:\msys64\ucrt64\bin;C:\Program Files\Cloudflare\Cloudflare WARP\;C:\Users\Admin\AppData\Local\Microsoft\WindowsApps;C:\Users\Admin\AppData\Local\Programs\Microsoft VS Code\bin;C:\Users\Admin\.dotnet\tools;.]
02-Feb-2026 14:30:29.943 INFO [main] org.apache.coyote.AbstractProtocol.init Initializing ProtocolHandler ["http-nio-8080"]
02-Feb-2026 14:30:29.963 INFO [main] org.apache.catalina.startup.Catalina.load Server initialization in [445] milliseconds
02-Feb-2026 14:30:30.012 INFO [main] org.apache.catalina.core.StandardService.startInternal Starting service [Catalina]
02-Feb-2026 14:30:30.012 INFO [main] org.apache.catalina.core.StandardEngine.startInternal Starting Servlet engine: [Apache Tomcat/10.1.50]
02-Feb-2026 14:30:30.020 INFO [main] org.apache.catalina.startup.HostConfig.deployDescriptor Deploying deployment descriptor [E:\CodeTools\Tomcat 10.1\conf\Catalina\localhost\bai45.xml]
02-Feb-2026 14:30:30.044 WARNING [main] org.apache.catalina.startup.HostConfig.deployDescriptor The path attribute with value [/bai45] in deployment descriptor [E:\CodeTools\Tomcat 10.1\conf\Catalina\localhost\bai45.xml] has been ignored
02-Feb-2026 14:30:30.280 INFO [main] org.apache.catalina.startup.HostConfig.deployDescriptor Deployment of deployment descriptor [E:\CodeTools\Tomcat 10.1\conf\Catalina\localhost\bai45.xml] has finished in [256] ms
02-Feb-2026 14:30:30.280 INFO [main] org.apache.catalina.startup.HostConfig.deployDescriptor Deploying deployment descriptor [E:\CodeTools\Tomcat 10.1\conf\Catalina\localhost\bai67.xml]
02-Feb-2026 14:30:30.290 WARNING [main] org.apache.catalina.startup.HostConfig.deployDescriptor The path attribute with value [/bai67] in deployment descriptor [E:\CodeTools\Tomcat 10.1\conf\Catalina\localhost\bai67.xml] has been ignored
02-Feb-2026 14:30:30.319 INFO [main] org.apache.catalina.startup.HostConfig.deployDescriptor Deployment of deployment descriptor [E:\CodeTools\Tomcat 10.1\conf\Catalina\localhost\bai67.xml] has finished in [39] ms
02-Feb-2026 14:30:30.320 INFO [main] org.apache.catalina.startup.HostConfig.deployDescriptor Deploying deployment descriptor [E:\CodeTools\Tomcat 10.1\conf\Catalina\localhost\bai89.xml]
02-Feb-2026 14:30:30.330 WARNING [main] org.apache.catalina.startup.HostConfig.deployDescriptor The path attribute with value [/bai89] in deployment descriptor [E:\CodeTools\Tomcat 10.1\conf\Catalina\localhost\bai89.xml] has been ignored
02-Feb-2026 14:30:30.572 INFO [main] org.apache.jasper.servlet.TldScanner.scanJars At least one JAR was scanned for TLDs yet contained no TLDs. Enable debug logging for this logger for a complete list of JARs that were scanned but no TLDs were found in them. Skipping unneeded JARs during scanning can improve startup time and JSP compilation time.
02-Feb-2026 14:30:30.574 INFO [main] org.apache.catalina.startup.HostConfig.deployDescriptor Deployment of deployment descriptor [E:\CodeTools\Tomcat 10.1\conf\Catalina\localhost\bai89.xml] has finished in [254] ms
02-Feb-2026 14:30:30.574 INFO [main] org.apache.catalina.startup.HostConfig.deployDescriptor Deploying deployment descriptor [E:\CodeTools\Tomcat 10.1\conf\Catalina\localhost\baitapjava.xml]
02-Feb-2026 14:30:30.581 WARNING [main] org.apache.catalina.startup.HostConfig.deployDescriptor The path attribute with value [/baitapjava] in deployment descriptor [E:\CodeTools\Tomcat 10.1\conf\Catalina\localhost\baitapjava.xml] has been ignored
02-Feb-2026 14:30:30.599 INFO [main] org.apache.catalina.startup.HostConfig.deployDescriptor Deployment of deployment descriptor [E:\CodeTools\Tomcat 10.1\conf\Catalina\localhost\baitapjava.xml] has finished in [25] ms
02-Feb-2026 14:30:30.600 INFO [main] org.apache.catalina.startup.HostConfig.deployDirectory Deploying web application directory [E:\CodeTools\Tomcat 10.1\webapps\docs]
02-Feb-2026 14:30:30.639 INFO [main] org.apache.catalina.startup.HostConfig.deployDirectory Deployment of web application directory [E:\CodeTools\Tomcat 10.1\webapps\docs] has finished in [39] ms
02-Feb-2026 14:30:30.639 INFO [main] org.apache.catalina.startup.HostConfig.deployDirectory Deploying web application directory [E:\CodeTools\Tomcat 10.1\webapps\manager]
02-Feb-2026 14:30:30.688 INFO [main] org.apache.catalina.startup.HostConfig.deployDirectory Deployment of web application directory [E:\CodeTools\Tomcat 10.1\webapps\manager] has finished in [49] ms
02-Feb-2026 14:30:30.689 INFO [main] org.apache.catalina.startup.HostConfig.deployDirectory Deploying web application directory [E:\CodeTools\Tomcat 10.1\webapps\ROOT]
02-Feb-2026 14:30:30.714 INFO [main] org.apache.catalina.startup.HostConfig.deployDirectory Deployment of web application directory [E:\CodeTools\Tomcat 10.1\webapps\ROOT] has finished in [25] ms
02-Feb-2026 14:30:30.719 INFO [main] org.apache.coyote.AbstractProtocol.start Starting ProtocolHandler ["http-nio-8080"]
02-Feb-2026 14:30:30.740 INFO [main] org.apache.catalina.startup.Catalina.start Server startup in [775] milliseconds
02-Feb-2026 14:50:40.768 SEVERE [main] org.apache.catalina.startup.Catalina.stopServer No shutdown port configured. Shut down server through OS signal. Server not shut down.
02-Feb-2026 23:49:57.988 INFO [main] org.apache.catalina.startup.VersionLoggerListener.log Server version name:   Apache Tomcat/10.1.50
02-Feb-2026 23:49:57.990 INFO [main] org.apache.catalina.startup.VersionLoggerListener.log Server built:          Dec 2 2025 22:57:41 UTC
02-Feb-2026 23:49:57.991 INFO [main] org.apache.catalina.startup.VersionLoggerListener.log Server version number: 10.1.50.0
02-Feb-2026 23:49:57.991 INFO [main] org.apache.catalina.startup.VersionLoggerListener.log OS Name:               Windows 11
02-Feb-2026 23:49:57.991 INFO [main] org.apache.catalina.startup.VersionLoggerListener.log OS Version:            10.0
02-Feb-2026 23:49:57.991 INFO [main] org.apache.catalina.startup.VersionLoggerListener.log Architecture:          amd64
02-Feb-2026 23:49:57.991 INFO [main] org.apache.catalina.startup.VersionLoggerListener.log Java Home:             E:\CodeTools\Apache NetBeans\jdk
02-Feb-2026 23:49:57.991 INFO [main] org.apache.catalina.startup.VersionLoggerListener.log JVM Version:           25.0.1+8-LTS
02-Feb-2026 23:49:57.991 INFO [main] org.apache.catalina.startup.VersionLoggerListener.log JVM Vendor:            Eclipse Adoptium
02-Feb-2026 23:49:57.991 INFO [main] org.apache.catalina.startup.VersionLoggerListener.log CATALINA_BASE:         E:\CodeTools\Tomcat 10.1
02-Feb-2026 23:49:57.991 INFO [main] org.apache.catalina.startup.VersionLoggerListener.log CATALINA_HOME:         E:\CodeTools\Tomcat 10.1
02-Feb-2026 23:49:57.999 INFO [main] org.apache.catalina.startup.VersionLoggerListener.log Command line argument: -Djava.util.logging.config.file=E:\CodeTools\Tomcat 10.1\conf\logging.properties
02-Feb-2026 23:49:58.000 INFO [main] org.apache.catalina.startup.VersionLoggerListener.log Command line argument: -Djava.util.logging.manager=org.apache.juli.ClassLoaderLogManager
02-Feb-2026 23:49:58.000 INFO [main] org.apache.catalina.startup.VersionLoggerListener.log Command line argument: -Djdk.tls.ephemeralDHKeySize=2048
02-Feb-2026 23:49:58.000 INFO [main] org.apache.catalina.startup.VersionLoggerListener.log Command line argument: -Djava.protocol.handler.pkgs=org.apache.catalina.webresources
02-Feb-2026 23:49:58.000 INFO [main] org.apache.catalina.startup.VersionLoggerListener.log Command line argument: -Dsun.io.useCanonCaches=false
02-Feb-2026 23:49:58.000 INFO [main] org.apache.catalina.startup.VersionLoggerListener.log Command line argument: --add-opens=java.base/java.lang=ALL-UNNAMED
02-Feb-2026 23:49:58.000 INFO [main] org.apache.catalina.startup.VersionLoggerListener.log Command line argument: --add-opens=java.base/java.lang.reflect=ALL-UNNAMED
02-Feb-2026 23:49:58.000 INFO [main] org.apache.catalina.startup.VersionLoggerListener.log Command line argument: --add-opens=java.base/java.io=ALL-UNNAMED
02-Feb-2026 23:49:58.000 INFO [main] org.apache.catalina.startup.VersionLoggerListener.log Command line argument: --add-opens=java.base/java.util=ALL-UNNAMED
02-Feb-2026 23:49:58.000 INFO [main] org.apache.catalina.startup.VersionLoggerListener.log Command line argument: --add-opens=java.base/java.util.concurrent=ALL-UNNAMED
02-Feb-2026 23:49:58.001 INFO [main] org.apache.catalina.startup.VersionLoggerListener.log Command line argument: --add-opens=java.rmi/sun.rmi.transport=ALL-UNNAMED
02-Feb-2026 23:49:58.001 INFO [main] org.apache.catalina.startup.VersionLoggerListener.log Command line argument: -Dcatalina.base=E:\CodeTools\Tomcat 10.1
02-Feb-2026 23:49:58.001 INFO [main] org.apache.catalina.startup.VersionLoggerListener.log Command line argument: -Dcatalina.home=E:\CodeTools\Tomcat 10.1
02-Feb-2026 23:49:58.001 INFO [main] org.apache.catalina.startup.VersionLoggerListener.log Command line argument: -Djava.io.tmpdir=E:\CodeTools\Tomcat 10.1\temp
02-Feb-2026 23:49:58.011 INFO [main] org.apache.catalina.core.AprLifecycleListener.lifecycleEvent The Apache Tomcat Native library which allows using OpenSSL was not found on the java.library.path: [E:\CodeTools\Apache NetBeans\jdk\bin;C:\WINDOWS\Sun\Java\bin;C:\WINDOWS\system32;C:\WINDOWS;E:\CodeTools\VMware\bin\;C:\Program Files\Common Files\Oracle\Java\javapath;C:\Program Files\Eclipse Adoptium\jdk-17.0.16.8-hotspot\bin;C:\Program Files (x86)\Common Files\Oracle\Java\javapath;C:\WINDOWS\system32;C:\WINDOWS;C:\WINDOWS\System32\Wbem;C:\WINDOWS\System32\WindowsPowerShell\v1.0\;C:\WINDOWS\System32\OpenSSH\;C:\Program Files (x86)\NVIDIA Corporation\PhysX\Common;D:\app\Git\cmd;C:\Program Files\dotnet\;C:\Program Files\Eclipse Adoptium\jdk-17.0.16.8-hotspot\\bin;C:\Program Files (x86)\Microsoft SQL Server\160\Tools\Binn\;C:\Program Files\Microsoft SQL Server\160\Tools\Binn\;C:\Program Files\Microsoft SQL Server\Client SDK\ODBC\170\Tools\Binn\;C:\Program Files\Microsoft SQL Server\160\DTS\Binn\;D:\app\Graphviz\bin;C:\msys64\ucrt64\bin;C:\Program Files\Cloudflare\Cloudflare WARP\;C:\Users\Admin\AppData\Local\Microsoft\WindowsApps;C:\Users\Admin\AppData\Local\Programs\Microsoft VS Code\bin;C:\Users\Admin\.dotnet\tools;.]
02-Feb-2026 23:49:58.218 INFO [main] org.apache.coyote.AbstractProtocol.init Initializing ProtocolHandler ["http-nio-8080"]
02-Feb-2026 23:49:58.234 INFO [main] org.apache.catalina.startup.Catalina.load Server initialization in [391] milliseconds
02-Feb-2026 23:49:58.282 INFO [main] org.apache.catalina.core.StandardService.startInternal Starting service [Catalina]
02-Feb-2026 23:49:58.282 INFO [main] org.apache.catalina.core.StandardEngine.startInternal Starting Servlet engine: [Apache Tomcat/10.1.50]
02-Feb-2026 23:49:58.289 INFO [main] org.apache.catalina.startup.HostConfig.deployDescriptor Deploying deployment descriptor [E:\CodeTools\Tomcat 10.1\conf\Catalina\localhost\bai45.xml]
02-Feb-2026 23:49:58.317 WARNING [main] org.apache.catalina.startup.HostConfig.deployDescriptor The path attribute with value [/bai45] in deployment descriptor [E:\CodeTools\Tomcat 10.1\conf\Catalina\localhost\bai45.xml] has been ignored
02-Feb-2026 23:49:58.590 INFO [main] org.apache.catalina.startup.HostConfig.deployDescriptor Deployment of deployment descriptor [E:\CodeTools\Tomcat 10.1\conf\Catalina\localhost\bai45.xml] has finished in [298] ms
02-Feb-2026 23:49:58.590 INFO [main] org.apache.catalina.startup.HostConfig.deployDescriptor Deploying deployment descriptor [E:\CodeTools\Tomcat 10.1\conf\Catalina\localhost\bai67.xml]
02-Feb-2026 23:49:58.598 WARNING [main] org.apache.catalina.startup.HostConfig.deployDescriptor The path attribute with value [/bai67] in deployment descriptor [E:\CodeTools\Tomcat 10.1\conf\Catalina\localhost\bai67.xml] has been ignored
02-Feb-2026 23:49:58.624 INFO [main] org.apache.catalina.startup.HostConfig.deployDescriptor Deployment of deployment descriptor [E:\CodeTools\Tomcat 10.1\conf\Catalina\localhost\bai67.xml] has finished in [34] ms
02-Feb-2026 23:49:58.624 INFO [main] org.apache.catalina.startup.HostConfig.deployDescriptor Deploying deployment descriptor [E:\CodeTools\Tomcat 10.1\conf\Catalina\localhost\bai89.xml]
02-Feb-2026 23:49:58.633 WARNING [main] org.apache.catalina.startup.HostConfig.deployDescriptor The path attribute with value [/bai89] in deployment descriptor [E:\CodeTools\Tomcat 10.1\conf\Catalina\localhost\bai89.xml] has been ignored
02-Feb-2026 23:49:58.882 INFO [main] org.apache.jasper.servlet.TldScanner.scanJars At least one JAR was scanned for TLDs yet contained no TLDs. Enable debug logging for this logger for a complete list of JARs that were scanned but no TLDs were found in them. Skipping unneeded JARs during scanning can improve startup time and JSP compilation time.
02-Feb-2026 23:49:58.884 INFO [main] org.apache.catalina.startup.HostConfig.deployDescriptor Deployment of deployment descriptor [E:\CodeTools\Tomcat 10.1\conf\Catalina\localhost\bai89.xml] has finished in [259] ms
02-Feb-2026 23:49:58.884 INFO [main] org.apache.catalina.startup.HostConfig.deployDescriptor Deploying deployment descriptor [E:\CodeTools\Tomcat 10.1\conf\Catalina\localhost\baitapjava.xml]
02-Feb-2026 23:49:58.893 WARNING [main] org.apache.catalina.startup.HostConfig.deployDescriptor The path attribute with value [/baitapjava] in deployment descriptor [E:\CodeTools\Tomcat 10.1\conf\Catalina\localhost\baitapjava.xml] has been ignored
02-Feb-2026 23:49:58.912 INFO [main] org.apache.catalina.startup.HostConfig.deployDescriptor Deployment of deployment descriptor [E:\CodeTools\Tomcat 10.1\conf\Catalina\localhost\baitapjava.xml] has finished in [28] ms
02-Feb-2026 23:49:58.913 INFO [main] org.apache.catalina.startup.HostConfig.deployDirectory Deploying web application directory [E:\CodeTools\Tomcat 10.1\webapps\docs]
02-Feb-2026 23:49:58.954 INFO [main] org.apache.catalina.startup.HostConfig.deployDirectory Deployment of web application directory [E:\CodeTools\Tomcat 10.1\webapps\docs] has finished in [41] ms
02-Feb-2026 23:49:58.955 INFO [main] org.apache.catalina.startup.HostConfig.deployDirectory Deploying web application directory [E:\CodeTools\Tomcat 10.1\webapps\manager]
02-Feb-2026 23:49:59.006 INFO [main] org.apache.catalina.startup.HostConfig.deployDirectory Deployment of web application directory [E:\CodeTools\Tomcat 10.1\webapps\manager] has finished in [51] ms
02-Feb-2026 23:49:59.007 INFO [main] org.apache.catalina.startup.HostConfig.deployDirectory Deploying web application directory [E:\CodeTools\Tomcat 10.1\webapps\ROOT]
02-Feb-2026 23:49:59.034 INFO [main] org.apache.catalina.startup.HostConfig.deployDirectory Deployment of web application directory [E:\CodeTools\Tomcat 10.1\webapps\ROOT] has finished in [27] ms
02-Feb-2026 23:49:59.038 INFO [main] org.apache.coyote.AbstractProtocol.start Starting ProtocolHandler ["http-nio-8080"]
02-Feb-2026 23:49:59.057 INFO [main] org.apache.catalina.startup.Catalina.start Server startup in [822] milliseconds
02-Feb-2026 23:52:32.539 SEVERE [main] org.apache.catalina.startup.Catalina.stopServer No shutdown port configured. Shut down server through OS signal. Server not shut down.
02-Feb-2026 23:54:21.165 WARNING [http-nio-8080-exec-3] org.apache.catalina.loader.WebappClassLoaderBase.clearReferencesJdbc The web application [bai89] registered the JDBC driver [com.mysql.cj.jdbc.Driver] but failed to unregister it when the web application was stopped. To prevent a memory leak, the JDBC Driver has been forcibly unregistered.
02-Feb-2026 23:54:21.166 WARNING [http-nio-8080-exec-3] org.apache.catalina.loader.WebappClassLoaderBase.clearReferencesThreads The web application [bai89] appears to have started a thread named [mysql-cj-abandoned-connection-cleanup] but has failed to stop it. This is very likely to create a memory leak. Stack trace of thread:
 java.base/java.lang.Object.wait0(Native Method)
 java.base/java.lang.Object.wait(Object.java:389)
 java.base/java.lang.ref.ReferenceQueue.remove0(ReferenceQueue.java:123)
 java.base/java.lang.ref.ReferenceQueue.remove(ReferenceQueue.java:201)
 com.mysql.cj.jdbc.AbandonedConnectionCleanupThread.run(AbandonedConnectionCleanupThread.java:84)
 java.base/java.util.concurrent.ThreadPoolExecutor.runWorker(ThreadPoolExecutor.java:1090)
 java.base/java.util.concurrent.ThreadPoolExecutor$Worker.run(ThreadPoolExecutor.java:614)
 java.base/java.lang.Thread.run(Thread.java:1474)
02-Feb-2026 23:54:21.672 INFO [http-nio-8080-exec-3] org.apache.catalina.startup.HostConfig.undeploy Undeploying context [/bai89]
02-Feb-2026 23:54:23.066 INFO [mysql-cj-abandoned-connection-cleanup] org.apache.catalina.loader.WebappClassLoaderBase.checkStateForResourceLoading Illegal access: this web application instance has been stopped already. Could not load []. The following stack trace is thrown for debugging purposes as well as to attempt to terminate the thread which caused the illegal access.
	java.lang.IllegalStateException: Illegal access: this web application instance has been stopped already. Could not load []. The following stack trace is thrown for debugging purposes as well as to attempt to terminate the thread which caused the illegal access.
		at org.apache.catalina.loader.WebappClassLoaderBase.checkStateForResourceLoading(WebappClassLoaderBase.java:1396)
		at org.apache.catalina.loader.WebappClassLoaderBase.getResource(WebappClassLoaderBase.java:984)
		at com.mysql.cj.jdbc.AbandonedConnectionCleanupThread.checkThreadContextClassLoader(AbandonedConnectionCleanupThread.java:116)
		at com.mysql.cj.jdbc.AbandonedConnectionCleanupThread.run(AbandonedConnectionCleanupThread.java:83)
		at java.base/java.util.concurrent.ThreadPoolExecutor.runWorker(ThreadPoolExecutor.java:1090)
		at java.base/java.util.concurrent.ThreadPoolExecutor$Worker.run(ThreadPoolExecutor.java:614)
		at java.base/java.lang.Thread.run(Thread.java:1474)
02-Feb-2026 23:54:24.083 INFO [http-nio-8080-exec-10] org.apache.catalina.startup.HostConfig.deployDescriptor Deploying deployment descriptor [E:\CodeTools\Tomcat 10.1\conf\Catalina\localhost\bai89.xml]
02-Feb-2026 23:54:24.084 WARNING [http-nio-8080-exec-10] org.apache.catalina.startup.HostConfig.deployDescriptor The path attribute with value [/bai89] in deployment descriptor [E:\CodeTools\Tomcat 10.1\conf\Catalina\localhost\bai89.xml] has been ignored
02-Feb-2026 23:54:24.233 INFO [http-nio-8080-exec-10] org.apache.jasper.servlet.TldScanner.scanJars At least one JAR was scanned for TLDs yet contained no TLDs. Enable debug logging for this logger for a complete list of JARs that were scanned but no TLDs were found in them. Skipping unneeded JARs during scanning can improve startup time and JSP compilation time.
02-Feb-2026 23:54:24.235 INFO [http-nio-8080-exec-10] org.apache.catalina.startup.HostConfig.deployDescriptor Deployment of deployment descriptor [E:\CodeTools\Tomcat 10.1\conf\Catalina\localhost\bai89.xml] has finished in [153] ms
02-Feb-2026 23:54:24.238 INFO [http-nio-8080-exec-8] org.apache.catalina.util.LifecycleBase.start The start() method was called on component [StandardEngine[Catalina].StandardHost[localhost].StandardContext[/bai89]] after start() had already been called. The second call will be ignored.
