26-Jan-2026 21:47:13.853 INFO [main] org.apache.catalina.startup.VersionLoggerListener.log Server version name:   Apache Tomcat/10.1.50
26-Jan-2026 21:47:13.855 INFO [main] org.apache.catalina.startup.VersionLoggerListener.log Server built:          Dec 2 2025 22:57:41 UTC
26-Jan-2026 21:47:13.855 INFO [main] org.apache.catalina.startup.VersionLoggerListener.log Server version number: 10.1.50.0
26-Jan-2026 21:47:13.855 INFO [main] org.apache.catalina.startup.VersionLoggerListener.log OS Name:               Windows 11
26-Jan-2026 21:47:13.855 INFO [main] org.apache.catalina.startup.VersionLoggerListener.log OS Version:            10.0
26-Jan-2026 21:47:13.855 INFO [main] org.apache.catalina.startup.VersionLoggerListener.log Architecture:          amd64
26-Jan-2026 21:47:13.855 INFO [main] org.apache.catalina.startup.VersionLoggerListener.log Java Home:             E:\CodeTools\Apache NetBeans\jdk
26-Jan-2026 21:47:13.855 INFO [main] org.apache.catalina.startup.VersionLoggerListener.log JVM Version:           25.0.1+8-LTS
26-Jan-2026 21:47:13.855 INFO [main] org.apache.catalina.startup.VersionLoggerListener.log JVM Vendor:            Eclipse Adoptium
26-Jan-2026 21:47:13.855 INFO [main] org.apache.catalina.startup.VersionLoggerListener.log CATALINA_BASE:         E:\CodeTools\Tomcat 10.1
26-Jan-2026 21:47:13.855 INFO [main] org.apache.catalina.startup.VersionLoggerListener.log CATALINA_HOME:         E:\CodeTools\Tomcat 10.1
26-Jan-2026 21:47:13.862 INFO [main] org.apache.catalina.startup.VersionLoggerListener.log Command line argument: -Djava.util.logging.config.file=E:\CodeTools\Tomcat 10.1\conf\logging.properties
26-Jan-2026 21:47:13.863 INFO [main] org.apache.catalina.startup.VersionLoggerListener.log Command line argument: -Djava.util.logging.manager=org.apache.juli.ClassLoaderLogManager
26-Jan-2026 21:47:13.863 INFO [main] org.apache.catalina.startup.VersionLoggerListener.log Command line argument: -Djdk.tls.ephemeralDHKeySize=2048
26-Jan-2026 21:47:13.863 INFO [main] org.apache.catalina.startup.VersionLoggerListener.log Command line argument: -Djava.protocol.handler.pkgs=org.apache.catalina.webresources
26-Jan-2026 21:47:13.863 INFO [main] org.apache.catalina.startup.VersionLoggerListener.log Command line argument: -Dsun.io.useCanonCaches=false
26-Jan-2026 21:47:13.863 INFO [main] org.apache.catalina.startup.VersionLoggerListener.log Command line argument: --add-opens=java.base/java.lang=ALL-UNNAMED
26-Jan-2026 21:47:13.863 INFO [main] org.apache.catalina.startup.VersionLoggerListener.log Command line argument: --add-opens=java.base/java.lang.reflect=ALL-UNNAMED
26-Jan-2026 21:47:13.863 INFO [main] org.apache.catalina.startup.VersionLoggerListener.log Command line argument: --add-opens=java.base/java.io=ALL-UNNAMED
26-Jan-2026 21:47:13.863 INFO [main] org.apache.catalina.startup.VersionLoggerListener.log Command line argument: --add-opens=java.base/java.util=ALL-UNNAMED
26-Jan-2026 21:47:13.863 INFO [main] org.apache.catalina.startup.VersionLoggerListener.log Command line argument: --add-opens=java.base/java.util.concurrent=ALL-UNNAMED
26-Jan-2026 21:47:13.863 INFO [main] org.apache.catalina.startup.VersionLoggerListener.log Command line argument: --add-opens=java.rmi/sun.rmi.transport=ALL-UNNAMED
26-Jan-2026 21:47:13.863 INFO [main] org.apache.catalina.startup.VersionLoggerListener.log Command line argument: -Dcatalina.base=E:\CodeTools\Tomcat 10.1
26-Jan-2026 21:47:13.863 INFO [main] org.apache.catalina.startup.VersionLoggerListener.log Command line argument: -Dcatalina.home=E:\CodeTools\Tomcat 10.1
26-Jan-2026 21:47:13.863 INFO [main] org.apache.catalina.startup.VersionLoggerListener.log Command line argument: -Djava.io.tmpdir=E:\CodeTools\Tomcat 10.1\temp
26-Jan-2026 21:47:13.952 INFO [main] org.apache.catalina.core.AprLifecycleListener.lifecycleEvent The Apache Tomcat Native library which allows using OpenSSL was not found on the java.library.path: [E:\CodeTools\Apache NetBeans\jdk\bin;C:\WINDOWS\Sun\Java\bin;C:\WINDOWS\system32;C:\WINDOWS;E:\CodeTools\VMware\bin\;C:\Program Files\Common Files\Oracle\Java\javapath;C:\Program Files\Eclipse Adoptium\jdk-17.0.16.8-hotspot\bin;C:\Program Files (x86)\Common Files\Oracle\Java\javapath;C:\WINDOWS\system32;C:\WINDOWS;C:\WINDOWS\System32\Wbem;C:\WINDOWS\System32\WindowsPowerShell\v1.0\;C:\WINDOWS\System32\OpenSSH\;C:\Program Files (x86)\NVIDIA Corporation\PhysX\Common;D:\app\Git\cmd;C:\Program Files\dotnet\;C:\Program Files\Eclipse Adoptium\jdk-17.0.16.8-hotspot\\bin;C:\Program Files (x86)\Microsoft SQL Server\160\Tools\Binn\;C:\Program Files\Microsoft SQL Server\160\Tools\Binn\;C:\Program Files\Microsoft SQL Server\Client SDK\ODBC\170\Tools\Binn\;C:\Program Files\Microsoft SQL Server\160\DTS\Binn\;D:\app\Graphviz\bin;C:\msys64\ucrt64\bin;C:\Program Files\Cloudflare\Cloudflare WARP\;C:\Users\Admin\AppData\Local\Microsoft\WindowsApps;C:\Users\Admin\AppData\Local\Programs\Microsoft VS Code\bin;C:\Users\Admin\.dotnet\tools;.]
26-Jan-2026 21:47:14.150 INFO [main] org.apache.coyote.AbstractProtocol.init Initializing ProtocolHandler ["http-nio-8080"]
26-Jan-2026 21:47:14.168 INFO [main] org.apache.catalina.startup.Catalina.load Server initialization in [456] milliseconds
26-Jan-2026 21:47:14.218 INFO [main] org.apache.catalina.core.StandardService.startInternal Starting service [Catalina]
26-Jan-2026 21:47:14.219 INFO [main] org.apache.catalina.core.StandardEngine.startInternal Starting Servlet engine: [Apache Tomcat/10.1.50]
26-Jan-2026 21:47:14.227 INFO [main] org.apache.catalina.startup.HostConfig.deployDescriptor Deploying deployment descriptor [E:\CodeTools\Tomcat 10.1\conf\Catalina\localhost\bai45.xml]
26-Jan-2026 21:47:14.252 WARNING [main] org.apache.catalina.startup.HostConfig.deployDescriptor The path attribute with value [/bai45] in deployment descriptor [E:\CodeTools\Tomcat 10.1\conf\Catalina\localhost\bai45.xml] has been ignored
26-Jan-2026 21:47:14.469 INFO [main] org.apache.catalina.startup.HostConfig.deployDescriptor Deployment of deployment descriptor [E:\CodeTools\Tomcat 10.1\conf\Catalina\localhost\bai45.xml] has finished in [239] ms
26-Jan-2026 21:47:14.469 INFO [main] org.apache.catalina.startup.HostConfig.deployDescriptor Deploying deployment descriptor [E:\CodeTools\Tomcat 10.1\conf\Catalina\localhost\bai67.xml]
26-Jan-2026 21:47:14.476 WARNING [main] org.apache.catalina.startup.HostConfig.deployDescriptor The path attribute with value [/bai67] in deployment descriptor [E:\CodeTools\Tomcat 10.1\conf\Catalina\localhost\bai67.xml] has been ignored
26-Jan-2026 21:47:14.496 INFO [main] org.apache.catalina.startup.HostConfig.deployDescriptor Deployment of deployment descriptor [E:\CodeTools\Tomcat 10.1\conf\Catalina\localhost\bai67.xml] has finished in [26] ms
26-Jan-2026 21:47:14.496 INFO [main] org.apache.catalina.startup.HostConfig.deployDescriptor Deploying deployment descriptor [E:\CodeTools\Tomcat 10.1\conf\Catalina\localhost\baitapjava.xml]
26-Jan-2026 21:47:14.502 WARNING [main] org.apache.catalina.startup.HostConfig.deployDescriptor The path attribute with value [/baitapjava] in deployment descriptor [E:\CodeTools\Tomcat 10.1\conf\Catalina\localhost\baitapjava.xml] has been ignored
26-Jan-2026 21:47:14.523 INFO [main] org.apache.catalina.startup.HostConfig.deployDescriptor Deployment of deployment descriptor [E:\CodeTools\Tomcat 10.1\conf\Catalina\localhost\baitapjava.xml] has finished in [27] ms
26-Jan-2026 21:47:14.525 INFO [main] org.apache.catalina.startup.HostConfig.deployDirectory Deploying web application directory [E:\CodeTools\Tomcat 10.1\webapps\docs]
26-Jan-2026 21:47:14.571 INFO [main] org.apache.catalina.startup.HostConfig.deployDirectory Deployment of web application directory [E:\CodeTools\Tomcat 10.1\webapps\docs] has finished in [45] ms
26-Jan-2026 21:47:14.571 INFO [main] org.apache.catalina.startup.HostConfig.deployDirectory Deploying web application directory [E:\CodeTools\Tomcat 10.1\webapps\manager]
26-Jan-2026 21:47:14.623 INFO [main] org.apache.catalina.startup.HostConfig.deployDirectory Deployment of web application directory [E:\CodeTools\Tomcat 10.1\webapps\manager] has finished in [52] ms
26-Jan-2026 21:47:14.624 INFO [main] org.apache.catalina.startup.HostConfig.deployDirectory Deploying web application directory [E:\CodeTools\Tomcat 10.1\webapps\ROOT]
26-Jan-2026 21:47:14.651 INFO [main] org.apache.catalina.startup.HostConfig.deployDirectory Deployment of web application directory [E:\CodeTools\Tomcat 10.1\webapps\ROOT] has finished in [27] ms
26-Jan-2026 21:47:14.654 INFO [main] org.apache.coyote.AbstractProtocol.start Starting ProtocolHandler ["http-nio-8080"]
26-Jan-2026 21:47:14.676 INFO [main] org.apache.catalina.startup.Catalina.start Server startup in [506] milliseconds
26-Jan-2026 22:55:52.621 INFO [main] org.apache.catalina.startup.VersionLoggerListener.log Server version name:   Apache Tomcat/10.1.50
26-Jan-2026 22:55:52.624 INFO [main] org.apache.catalina.startup.VersionLoggerListener.log Server built:          Dec 2 2025 22:57:41 UTC
26-Jan-2026 22:55:52.624 INFO [main] org.apache.catalina.startup.VersionLoggerListener.log Server version number: 10.1.50.0
26-Jan-2026 22:55:52.624 INFO [main] org.apache.catalina.startup.VersionLoggerListener.log OS Name:               Windows 11
26-Jan-2026 22:55:52.624 INFO [main] org.apache.catalina.startup.VersionLoggerListener.log OS Version:            10.0
26-Jan-2026 22:55:52.624 INFO [main] org.apache.catalina.startup.VersionLoggerListener.log Architecture:          amd64
26-Jan-2026 22:55:52.624 INFO [main] org.apache.catalina.startup.VersionLoggerListener.log Java Home:             E:\CodeTools\Apache NetBeans\jdk
26-Jan-2026 22:55:52.624 INFO [main] org.apache.catalina.startup.VersionLoggerListener.log JVM Version:           25.0.1+8-LTS
26-Jan-2026 22:55:52.624 INFO [main] org.apache.catalina.startup.VersionLoggerListener.log JVM Vendor:            Eclipse Adoptium
26-Jan-2026 22:55:52.624 INFO [main] org.apache.catalina.startup.VersionLoggerListener.log CATALINA_BASE:         E:\CodeTools\Tomcat 10.1
26-Jan-2026 22:55:52.624 INFO [main] org.apache.catalina.startup.VersionLoggerListener.log CATALINA_HOME:         E:\CodeTools\Tomcat 10.1
26-Jan-2026 22:55:52.675 INFO [main] org.apache.catalina.startup.VersionLoggerListener.log Command line argument: -Djava.util.logging.config.file=E:\CodeTools\Tomcat 10.1\conf\logging.properties
26-Jan-2026 22:55:52.675 INFO [main] org.apache.catalina.startup.VersionLoggerListener.log Command line argument: -Djava.util.logging.manager=org.apache.juli.ClassLoaderLogManager
26-Jan-2026 22:55:52.675 INFO [main] org.apache.catalina.startup.VersionLoggerListener.log Command line argument: -Djdk.tls.ephemeralDHKeySize=2048
26-Jan-2026 22:55:52.675 INFO [main] org.apache.catalina.startup.VersionLoggerListener.log Command line argument: -Djava.protocol.handler.pkgs=org.apache.catalina.webresources
26-Jan-2026 22:55:52.675 INFO [main] org.apache.catalina.startup.VersionLoggerListener.log Command line argument: -Dsun.io.useCanonCaches=false
26-Jan-2026 22:55:52.675 INFO [main] org.apache.catalina.startup.VersionLoggerListener.log Command line argument: --add-opens=java.base/java.lang=ALL-UNNAMED
26-Jan-2026 22:55:52.675 INFO [main] org.apache.catalina.startup.VersionLoggerListener.log Command line argument: --add-opens=java.base/java.lang.reflect=ALL-UNNAMED
26-Jan-2026 22:55:52.675 INFO [main] org.apache.catalina.startup.VersionLoggerListener.log Command line argument: --add-opens=java.base/java.io=ALL-UNNAMED
26-Jan-2026 22:55:52.675 INFO [main] org.apache.catalina.startup.VersionLoggerListener.log Command line argument: --add-opens=java.base/java.util=ALL-UNNAMED
26-Jan-2026 22:55:52.675 INFO [main] org.apache.catalina.startup.VersionLoggerListener.log Command line argument: --add-opens=java.base/java.util.concurrent=ALL-UNNAMED
26-Jan-2026 22:55:52.675 INFO [main] org.apache.catalina.startup.VersionLoggerListener.log Command line argument: --add-opens=java.rmi/sun.rmi.transport=ALL-UNNAMED
26-Jan-2026 22:55:52.675 INFO [main] org.apache.catalina.startup.VersionLoggerListener.log Command line argument: -Dcatalina.base=E:\CodeTools\Tomcat 10.1
26-Jan-2026 22:55:52.675 INFO [main] org.apache.catalina.startup.VersionLoggerListener.log Command line argument: -Dcatalina.home=E:\CodeTools\Tomcat 10.1
26-Jan-2026 22:55:52.675 INFO [main] org.apache.catalina.startup.VersionLoggerListener.log Command line argument: -Djava.io.tmpdir=E:\CodeTools\Tomcat 10.1\temp
26-Jan-2026 22:55:52.700 INFO [main] org.apache.catalina.core.AprLifecycleListener.lifecycleEvent The Apache Tomcat Native library which allows using OpenSSL was not found on the java.library.path: [E:\CodeTools\Apache NetBeans\jdk\bin;C:\WINDOWS\Sun\Java\bin;C:\WINDOWS\system32;C:\WINDOWS;E:\CodeTools\VMware\bin\;C:\Program Files\Common Files\Oracle\Java\javapath;C:\Program Files\Eclipse Adoptium\jdk-17.0.16.8-hotspot\bin;C:\Program Files (x86)\Common Files\Oracle\Java\javapath;C:\WINDOWS\system32;C:\WINDOWS;C:\WINDOWS\System32\Wbem;C:\WINDOWS\System32\WindowsPowerShell\v1.0\;C:\WINDOWS\System32\OpenSSH\;C:\Program Files (x86)\NVIDIA Corporation\PhysX\Common;D:\app\Git\cmd;C:\Program Files\dotnet\;C:\Program Files\Eclipse Adoptium\jdk-17.0.16.8-hotspot\\bin;C:\Program Files (x86)\Microsoft SQL Server\160\Tools\Binn\;C:\Program Files\Microsoft SQL Server\160\Tools\Binn\;C:\Program Files\Microsoft SQL Server\Client SDK\ODBC\170\Tools\Binn\;C:\Program Files\Microsoft SQL Server\160\DTS\Binn\;D:\app\Graphviz\bin;C:\msys64\ucrt64\bin;C:\Program Files\Cloudflare\Cloudflare WARP\;C:\Users\Admin\AppData\Local\Microsoft\WindowsApps;C:\Users\Admin\AppData\Local\Programs\Microsoft VS Code\bin;C:\Users\Admin\.dotnet\tools;.]
26-Jan-2026 22:55:52.929 INFO [main] org.apache.coyote.AbstractProtocol.init Initializing ProtocolHandler ["http-nio-8080"]
26-Jan-2026 22:55:52.974 INFO [main] org.apache.catalina.startup.Catalina.load Server initialization in [503] milliseconds
26-Jan-2026 22:55:53.024 INFO [main] org.apache.catalina.core.StandardService.startInternal Starting service [Catalina]
26-Jan-2026 22:55:53.024 INFO [main] org.apache.catalina.core.StandardEngine.startInternal Starting Servlet engine: [Apache Tomcat/10.1.50]
26-Jan-2026 22:55:53.031 INFO [main] org.apache.catalina.startup.HostConfig.deployDescriptor Deploying deployment descriptor [E:\CodeTools\Tomcat 10.1\conf\Catalina\localhost\bai45.xml]
26-Jan-2026 22:55:53.053 WARNING [main] org.apache.catalina.startup.HostConfig.deployDescriptor The path attribute with value [/bai45] in deployment descriptor [E:\CodeTools\Tomcat 10.1\conf\Catalina\localhost\bai45.xml] has been ignored
26-Jan-2026 22:55:53.276 INFO [main] org.apache.catalina.startup.HostConfig.deployDescriptor Deployment of deployment descriptor [E:\CodeTools\Tomcat 10.1\conf\Catalina\localhost\bai45.xml] has finished in [242] ms
26-Jan-2026 22:55:53.276 INFO [main] org.apache.catalina.startup.HostConfig.deployDescriptor Deploying deployment descriptor [E:\CodeTools\Tomcat 10.1\conf\Catalina\localhost\bai67.xml]
26-Jan-2026 22:55:53.284 WARNING [main] org.apache.catalina.startup.HostConfig.deployDescriptor The path attribute with value [/bai67] in deployment descriptor [E:\CodeTools\Tomcat 10.1\conf\Catalina\localhost\bai67.xml] has been ignored
26-Jan-2026 22:55:53.303 INFO [main] org.apache.catalina.startup.HostConfig.deployDescriptor Deployment of deployment descriptor [E:\CodeTools\Tomcat 10.1\conf\Catalina\localhost\bai67.xml] has finished in [27] ms
26-Jan-2026 22:55:53.304 INFO [main] org.apache.catalina.startup.HostConfig.deployDescriptor Deploying deployment descriptor [E:\CodeTools\Tomcat 10.1\conf\Catalina\localhost\baitapjava.xml]
26-Jan-2026 22:55:53.313 WARNING [main] org.apache.catalina.startup.HostConfig.deployDescriptor The path attribute with value [/baitapjava] in deployment descriptor [E:\CodeTools\Tomcat 10.1\conf\Catalina\localhost\baitapjava.xml] has been ignored
26-Jan-2026 22:55:53.333 INFO [main] org.apache.catalina.startup.HostConfig.deployDescriptor Deployment of deployment descriptor [E:\CodeTools\Tomcat 10.1\conf\Catalina\localhost\baitapjava.xml] has finished in [29] ms
26-Jan-2026 22:55:53.333 INFO [main] org.apache.catalina.startup.HostConfig.deployDirectory Deploying web application directory [E:\CodeTools\Tomcat 10.1\webapps\docs]
26-Jan-2026 22:55:53.381 INFO [main] org.apache.catalina.startup.HostConfig.deployDirectory Deployment of web application directory [E:\CodeTools\Tomcat 10.1\webapps\docs] has finished in [48] ms
26-Jan-2026 22:55:53.381 INFO [main] org.apache.catalina.startup.HostConfig.deployDirectory Deploying web application directory [E:\CodeTools\Tomcat 10.1\webapps\manager]
26-Jan-2026 22:55:53.434 INFO [main] org.apache.catalina.startup.HostConfig.deployDirectory Deployment of web application directory [E:\CodeTools\Tomcat 10.1\webapps\manager] has finished in [53] ms
26-Jan-2026 22:55:53.434 INFO [main] org.apache.catalina.startup.HostConfig.deployDirectory Deploying web application directory [E:\CodeTools\Tomcat 10.1\webapps\ROOT]
26-Jan-2026 22:55:53.458 INFO [main] org.apache.catalina.startup.HostConfig.deployDirectory Deployment of web application directory [E:\CodeTools\Tomcat 10.1\webapps\ROOT] has finished in [24] ms
26-Jan-2026 22:55:53.460 INFO [main] org.apache.coyote.AbstractProtocol.start Starting ProtocolHandler ["http-nio-8080"]
26-Jan-2026 22:55:53.496 INFO [main] org.apache.catalina.startup.Catalina.start Server startup in [520] milliseconds
26-Jan-2026 22:55:53.887 INFO [http-nio-8080-exec-7] org.apache.catalina.startup.HostConfig.deployDescriptor Deploying deployment descriptor [E:\CodeTools\Tomcat 10.1\conf\Catalina\localhost\bai89.xml]
26-Jan-2026 22:55:53.894 WARNING [http-nio-8080-exec-7] org.apache.catalina.startup.HostConfig.deployDescriptor The path attribute with value [/bai89] in deployment descriptor [E:\CodeTools\Tomcat 10.1\conf\Catalina\localhost\bai89.xml] has been ignored
26-Jan-2026 22:55:53.914 INFO [http-nio-8080-exec-7] org.apache.catalina.startup.HostConfig.deployDescriptor Deployment of deployment descriptor [E:\CodeTools\Tomcat 10.1\conf\Catalina\localhost\bai89.xml] has finished in [27] ms
26-Jan-2026 22:55:53.917 INFO [http-nio-8080-exec-8] org.apache.catalina.util.LifecycleBase.start The start() method was called on component [StandardEngine[Catalina].StandardHost[localhost].StandardContext[/bai89]] after start() had already been called. The second call will be ignored.
26-Jan-2026 23:01:50.236 INFO [http-nio-8080-exec-7] org.apache.catalina.core.StandardContext.reload Reloading Context with name [/bai89] has started
26-Jan-2026 23:01:50.489 INFO [http-nio-8080-exec-7] org.apache.jasper.servlet.TldScanner.scanJars At least one JAR was scanned for TLDs yet contained no TLDs. Enable debug logging for this logger for a complete list of JARs that were scanned but no TLDs were found in them. Skipping unneeded JARs during scanning can improve startup time and JSP compilation time.
26-Jan-2026 23:01:50.492 INFO [http-nio-8080-exec-7] org.apache.catalina.core.StandardContext.reload Reloading Context with name [/bai89] is completed
26-Jan-2026 23:04:15.496 SEVERE [main] org.apache.catalina.startup.Catalina.stopServer No shutdown port configured. Shut down server through OS signal. Server not shut down.
