23-Mar-2026 23:45:54.343 INFO [main] org.apache.catalina.startup.VersionLoggerListener.log Server version name:   Apache Tomcat/10.1.50
23-Mar-2026 23:45:54.344 INFO [main] org.apache.catalina.startup.VersionLoggerListener.log Server built:          Dec 2 2025 22:57:41 UTC
23-Mar-2026 23:45:54.344 INFO [main] org.apache.catalina.startup.VersionLoggerListener.log Server version number: 10.1.50.0
23-Mar-2026 23:45:54.345 INFO [main] org.apache.catalina.startup.VersionLoggerListener.log OS Name:               Windows 11
23-Mar-2026 23:45:54.345 INFO [main] org.apache.catalina.startup.VersionLoggerListener.log OS Version:            10.0
23-Mar-2026 23:45:54.345 INFO [main] org.apache.catalina.startup.VersionLoggerListener.log Architecture:          amd64
23-Mar-2026 23:45:54.345 INFO [main] org.apache.catalina.startup.VersionLoggerListener.log Java Home:             E:\CodeTools\Apache NetBeans\jdk
23-Mar-2026 23:45:54.345 INFO [main] org.apache.catalina.startup.VersionLoggerListener.log JVM Version:           25.0.1+8-LTS
23-Mar-2026 23:45:54.345 INFO [main] org.apache.catalina.startup.VersionLoggerListener.log JVM Vendor:            Eclipse Adoptium
23-Mar-2026 23:45:54.345 INFO [main] org.apache.catalina.startup.VersionLoggerListener.log CATALINA_BASE:         E:\CodeTools\Tomcat 10.1
23-Mar-2026 23:45:54.345 INFO [main] org.apache.catalina.startup.VersionLoggerListener.log CATALINA_HOME:         E:\CodeTools\Tomcat 10.1
23-Mar-2026 23:45:54.352 INFO [main] org.apache.catalina.startup.VersionLoggerListener.log Command line argument: -Djava.util.logging.config.file=E:\CodeTools\Tomcat 10.1\conf\logging.properties
23-Mar-2026 23:45:54.352 INFO [main] org.apache.catalina.startup.VersionLoggerListener.log Command line argument: -Djava.util.logging.manager=org.apache.juli.ClassLoaderLogManager
23-Mar-2026 23:45:54.353 INFO [main] org.apache.catalina.startup.VersionLoggerListener.log Command line argument: -Djdk.tls.ephemeralDHKeySize=2048
23-Mar-2026 23:45:54.353 INFO [main] org.apache.catalina.startup.VersionLoggerListener.log Command line argument: -Djava.protocol.handler.pkgs=org.apache.catalina.webresources
23-Mar-2026 23:45:54.353 INFO [main] org.apache.catalina.startup.VersionLoggerListener.log Command line argument: -Dsun.io.useCanonCaches=false
23-Mar-2026 23:45:54.353 INFO [main] org.apache.catalina.startup.VersionLoggerListener.log Command line argument: --add-opens=java.base/java.lang=ALL-UNNAMED
23-Mar-2026 23:45:54.353 INFO [main] org.apache.catalina.startup.VersionLoggerListener.log Command line argument: --add-opens=java.base/java.lang.reflect=ALL-UNNAMED
23-Mar-2026 23:45:54.353 INFO [main] org.apache.catalina.startup.VersionLoggerListener.log Command line argument: --add-opens=java.base/java.io=ALL-UNNAMED
23-Mar-2026 23:45:54.353 INFO [main] org.apache.catalina.startup.VersionLoggerListener.log Command line argument: --add-opens=java.base/java.util=ALL-UNNAMED
23-Mar-2026 23:45:54.353 INFO [main] org.apache.catalina.startup.VersionLoggerListener.log Command line argument: --add-opens=java.base/java.util.concurrent=ALL-UNNAMED
23-Mar-2026 23:45:54.353 INFO [main] org.apache.catalina.startup.VersionLoggerListener.log Command line argument: --add-opens=java.rmi/sun.rmi.transport=ALL-UNNAMED
23-Mar-2026 23:45:54.353 INFO [main] org.apache.catalina.startup.VersionLoggerListener.log Command line argument: -Dcatalina.base=E:\CodeTools\Tomcat 10.1
23-Mar-2026 23:45:54.353 INFO [main] org.apache.catalina.startup.VersionLoggerListener.log Command line argument: -Dcatalina.home=E:\CodeTools\Tomcat 10.1
23-Mar-2026 23:45:54.353 INFO [main] org.apache.catalina.startup.VersionLoggerListener.log Command line argument: -Djava.io.tmpdir=E:\CodeTools\Tomcat 10.1\temp
23-Mar-2026 23:45:54.419 INFO [main] org.apache.catalina.core.AprLifecycleListener.lifecycleEvent The Apache Tomcat Native library which allows using OpenSSL was not found on the java.library.path: [E:\CodeTools\Apache NetBeans\jdk\bin;C:\WINDOWS\Sun\Java\bin;C:\WINDOWS\system32;C:\WINDOWS;E:\CodeTools\VMware\bin\;C:\Program Files\Common Files\Oracle\Java\javapath;C:\Program Files\Eclipse Adoptium\jdk-17.0.16.8-hotspot\bin;C:\Program Files (x86)\Common Files\Oracle\Java\javapath;C:\WINDOWS\system32;C:\WINDOWS;C:\WINDOWS\System32\Wbem;C:\WINDOWS\System32\WindowsPowerShell\v1.0\;C:\WINDOWS\System32\OpenSSH\;C:\Program Files (x86)\NVIDIA Corporation\PhysX\Common;D:\app\Git\cmd;C:\Program Files\dotnet\;C:\Program Files\Eclipse Adoptium\jdk-17.0.16.8-hotspot\\bin;C:\Program Files (x86)\Microsoft SQL Server\160\Tools\Binn\;C:\Program Files\Microsoft SQL Server\160\Tools\Binn\;C:\Program Files\Microsoft SQL Server\Client SDK\ODBC\170\Tools\Binn\;C:\Program Files\Microsoft SQL Server\160\DTS\Binn\;D:\app\Graphviz\bin;C:\msys64\ucrt64\bin;C:\Program Files\Cloudflare\Cloudflare WARP\;C:\Users\Admin\AppData\Local\Microsoft\WindowsApps;C:\Users\Admin\AppData\Local\Programs\Microsoft VS Code\bin;C:\Users\Admin\.dotnet\tools;.]
23-Mar-2026 23:45:54.615 INFO [main] org.apache.coyote.AbstractProtocol.init Initializing ProtocolHandler ["http-nio-8080"]
23-Mar-2026 23:45:54.633 INFO [main] org.apache.catalina.startup.Catalina.load Server initialization in [420] milliseconds
23-Mar-2026 23:45:54.678 INFO [main] org.apache.catalina.core.StandardService.startInternal Starting service [Catalina]
23-Mar-2026 23:45:54.678 INFO [main] org.apache.catalina.core.StandardEngine.startInternal Starting Servlet engine: [Apache Tomcat/10.1.50]
23-Mar-2026 23:45:54.687 INFO [main] org.apache.catalina.startup.HostConfig.deployDescriptor Deploying deployment descriptor [E:\CodeTools\Tomcat 10.1\conf\Catalina\localhost\bai45.xml]
23-Mar-2026 23:45:54.710 WARNING [main] org.apache.catalina.startup.HostConfig.deployDescriptor The path attribute with value [/bai45] in deployment descriptor [E:\CodeTools\Tomcat 10.1\conf\Catalina\localhost\bai45.xml] has been ignored
23-Mar-2026 23:45:54.922 INFO [main] org.apache.catalina.startup.HostConfig.deployDescriptor Deployment of deployment descriptor [E:\CodeTools\Tomcat 10.1\conf\Catalina\localhost\bai45.xml] has finished in [233] ms
23-Mar-2026 23:45:54.922 INFO [main] org.apache.catalina.startup.HostConfig.deployDescriptor Deploying deployment descriptor [E:\CodeTools\Tomcat 10.1\conf\Catalina\localhost\bai67.xml]
23-Mar-2026 23:45:54.929 WARNING [main] org.apache.catalina.startup.HostConfig.deployDescriptor The path attribute with value [/bai67] in deployment descriptor [E:\CodeTools\Tomcat 10.1\conf\Catalina\localhost\bai67.xml] has been ignored
23-Mar-2026 23:45:54.948 INFO [main] org.apache.catalina.startup.HostConfig.deployDescriptor Deployment of deployment descriptor [E:\CodeTools\Tomcat 10.1\conf\Catalina\localhost\bai67.xml] has finished in [26] ms
23-Mar-2026 23:45:54.948 INFO [main] org.apache.catalina.startup.HostConfig.deployDescriptor Deploying deployment descriptor [E:\CodeTools\Tomcat 10.1\conf\Catalina\localhost\bai89.xml]
23-Mar-2026 23:45:54.955 WARNING [main] org.apache.catalina.startup.HostConfig.deployDescriptor The path attribute with value [/bai89] in deployment descriptor [E:\CodeTools\Tomcat 10.1\conf\Catalina\localhost\bai89.xml] has been ignored
23-Mar-2026 23:45:54.958 SEVERE [main] org.apache.catalina.startup.HostConfig.deployDescriptor Error deploying deployment descriptor [E:\CodeTools\Tomcat 10.1\conf\Catalina\localhost\bai89.xml]
	java.lang.IllegalStateException: Error starting child
		at org.apache.catalina.core.ContainerBase.addChildInternal(ContainerBase.java:600)
		at org.apache.catalina.core.ContainerBase.addChild(ContainerBase.java:569)
		at org.apache.catalina.core.StandardHost.addChild(StandardHost.java:665)
		at org.apache.catalina.startup.HostConfig.deployDescriptor(HostConfig.java:629)
		at org.apache.catalina.startup.HostConfig$DeployDescriptor.run(HostConfig.java:1878)
		at java.base/java.util.concurrent.Executors$RunnableAdapter.call(Executors.java:545)
		at java.base/java.util.concurrent.FutureTask.run(FutureTask.java:328)
		at org.apache.tomcat.util.threads.InlineExecutorService.execute(InlineExecutorService.java:81)
		at java.base/java.util.concurrent.AbstractExecutorService.submit(AbstractExecutorService.java:125)
		at org.apache.catalina.startup.HostConfig.deployDescriptors(HostConfig.java:524)
		at org.apache.catalina.startup.HostConfig.deployApps(HostConfig.java:415)
		at org.apache.catalina.startup.HostConfig.start(HostConfig.java:1618)
		at org.apache.catalina.startup.HostConfig.lifecycleEvent(HostConfig.java:300)
		at org.apache.catalina.util.LifecycleBase.fireLifecycleEvent(LifecycleBase.java:109)
		at org.apache.catalina.util.LifecycleBase.setStateInternal(LifecycleBase.java:389)
		at org.apache.catalina.util.LifecycleBase.setState(LifecycleBase.java:336)
		at org.apache.catalina.core.ContainerBase.startInternal(ContainerBase.java:774)
		at org.apache.catalina.core.StandardHost.startInternal(StandardHost.java:783)
		at org.apache.catalina.util.LifecycleBase.start(LifecycleBase.java:164)
		at org.apache.catalina.core.ContainerBase$StartChild.call(ContainerBase.java:1201)
		at org.apache.catalina.core.ContainerBase$StartChild.call(ContainerBase.java:1191)
		at java.base/java.util.concurrent.FutureTask.run(FutureTask.java:328)
		at org.apache.tomcat.util.threads.InlineExecutorService.execute(InlineExecutorService.java:81)
		at java.base/java.util.concurrent.AbstractExecutorService.submit(AbstractExecutorService.java:149)
		at org.apache.catalina.core.ContainerBase.startInternal(ContainerBase.java:747)
		at org.apache.catalina.core.StandardEngine.startInternal(StandardEngine.java:201)
		at org.apache.catalina.util.LifecycleBase.start(LifecycleBase.java:164)
		at org.apache.catalina.core.StandardService.startInternal(StandardService.java:410)
		at org.apache.catalina.util.LifecycleBase.start(LifecycleBase.java:164)
		at org.apache.catalina.core.StandardServer.startInternal(StandardServer.java:868)
		at org.apache.catalina.util.LifecycleBase.start(LifecycleBase.java:164)
		at org.apache.catalina.startup.Catalina.start(Catalina.java:758)
		at java.base/jdk.internal.reflect.DirectMethodHandleAccessor.invoke(DirectMethodHandleAccessor.java:104)
		at java.base/java.lang.reflect.Method.invoke(Method.java:565)
		at org.apache.catalina.startup.Bootstrap.start(Bootstrap.java:342)
		at org.apache.catalina.startup.Bootstrap.main(Bootstrap.java:473)
	Caused by: org.apache.catalina.LifecycleException: Failed to start component [org.apache.catalina.webresources.StandardRoot@5b1ebf56]
		at org.apache.catalina.util.LifecycleBase.handleSubClassException(LifecycleBase.java:404)
		at org.apache.catalina.util.LifecycleBase.start(LifecycleBase.java:179)
		at org.apache.catalina.core.StandardContext.resourcesStart(StandardContext.java:4147)
		at org.apache.catalina.core.StandardContext.startInternal(StandardContext.java:4269)
		at org.apache.catalina.util.LifecycleBase.start(LifecycleBase.java:164)
		at org.apache.catalina.core.ContainerBase.addChildInternal(ContainerBase.java:597)
		... 35 more
	Caused by: java.lang.IllegalArgumentException: The main resource set specified [E:\HocTap\Nam 2 ky 2\bai89\build\web] is not a directory or war file, or is not readable (it does not exist or permissions to access it are missing)
		at org.apache.catalina.webresources.StandardRoot.createMainResourceSet(StandardRoot.java:758)
		at org.apache.catalina.webresources.StandardRoot.startInternal(StandardRoot.java:715)
		at org.apache.catalina.util.LifecycleBase.start(LifecycleBase.java:164)
		... 39 more
23-Mar-2026 23:45:54.972 INFO [main] org.apache.catalina.startup.HostConfig.deployDescriptor Deployment of deployment descriptor [E:\CodeTools\Tomcat 10.1\conf\Catalina\localhost\bai89.xml] has finished in [24] ms
23-Mar-2026 23:45:54.972 INFO [main] org.apache.catalina.startup.HostConfig.deployDescriptor Deploying deployment descriptor [E:\CodeTools\Tomcat 10.1\conf\Catalina\localhost\baitapjava.xml]
23-Mar-2026 23:45:54.981 WARNING [main] org.apache.catalina.startup.HostConfig.deployDescriptor The path attribute with value [/baitapjava] in deployment descriptor [E:\CodeTools\Tomcat 10.1\conf\Catalina\localhost\baitapjava.xml] has been ignored
23-Mar-2026 23:45:55.008 INFO [main] org.apache.catalina.startup.HostConfig.deployDescriptor Deployment of deployment descriptor [E:\CodeTools\Tomcat 10.1\conf\Catalina\localhost\baitapjava.xml] has finished in [36] ms
23-Mar-2026 23:45:55.008 INFO [main] org.apache.catalina.startup.HostConfig.deployDirectory Deploying web application directory [E:\CodeTools\Tomcat 10.1\webapps\docs]
23-Mar-2026 23:45:55.067 INFO [main] org.apache.catalina.startup.HostConfig.deployDirectory Deployment of web application directory [E:\CodeTools\Tomcat 10.1\webapps\docs] has finished in [59] ms
23-Mar-2026 23:45:55.067 INFO [main] org.apache.catalina.startup.HostConfig.deployDirectory Deploying web application directory [E:\CodeTools\Tomcat 10.1\webapps\manager]
23-Mar-2026 23:45:55.118 INFO [main] org.apache.catalina.startup.HostConfig.deployDirectory Deployment of web application directory [E:\CodeTools\Tomcat 10.1\webapps\manager] has finished in [51] ms
23-Mar-2026 23:45:55.118 INFO [main] org.apache.catalina.startup.HostConfig.deployDirectory Deploying web application directory [E:\CodeTools\Tomcat 10.1\webapps\ROOT]
23-Mar-2026 23:45:55.140 INFO [main] org.apache.catalina.startup.HostConfig.deployDirectory Deployment of web application directory [E:\CodeTools\Tomcat 10.1\webapps\ROOT] has finished in [22] ms
23-Mar-2026 23:45:55.144 INFO [main] org.apache.coyote.AbstractProtocol.start Starting ProtocolHandler ["http-nio-8080"]
23-Mar-2026 23:45:55.166 INFO [main] org.apache.catalina.startup.Catalina.start Server startup in [532] milliseconds
23-Mar-2026 23:45:55.296 INFO [http-nio-8080-exec-4] org.apache.catalina.startup.HostConfig.deployDescriptor Deploying deployment descriptor [E:\CodeTools\Tomcat 10.1\conf\Catalina\localhost\QuanLySinhVien.xml]
23-Mar-2026 23:45:55.303 WARNING [http-nio-8080-exec-4] org.apache.catalina.startup.HostConfig.deployDescriptor The path attribute with value [/QuanLySinhVien] in deployment descriptor [E:\CodeTools\Tomcat 10.1\conf\Catalina\localhost\QuanLySinhVien.xml] has been ignored
23-Mar-2026 23:45:56.052 INFO [http-nio-8080-exec-4] org.apache.jasper.servlet.TldScanner.scanJars At least one JAR was scanned for TLDs yet contained no TLDs. Enable debug logging for this logger for a complete list of JARs that were scanned but no TLDs were found in them. Skipping unneeded JARs during scanning can improve startup time and JSP compilation time.
23-Mar-2026 23:45:56.089 INFO [http-nio-8080-exec-4] org.apache.catalina.startup.HostConfig.deployDescriptor Deployment of deployment descriptor [E:\CodeTools\Tomcat 10.1\conf\Catalina\localhost\QuanLySinhVien.xml] has finished in [793] ms
23-Mar-2026 23:45:56.091 INFO [http-nio-8080-exec-3] org.apache.catalina.util.LifecycleBase.start The start() method was called on component [StandardEngine[Catalina].StandardHost[localhost].StandardContext[/QuanLySinhVien]] after start() had already been called. The second call will be ignored.
23-Mar-2026 23:51:10.799 INFO [http-nio-8080-exec-9] org.apache.catalina.startup.HostConfig.undeploy Undeploying context [/QuanLySinhVien]
23-Mar-2026 23:51:10.816 INFO [http-nio-8080-exec-1] org.apache.catalina.startup.HostConfig.deployDescriptor Deploying deployment descriptor [E:\CodeTools\Tomcat 10.1\conf\Catalina\localhost\QuanLySinhVien.xml]
23-Mar-2026 23:51:10.817 WARNING [http-nio-8080-exec-1] org.apache.catalina.startup.HostConfig.deployDescriptor The path attribute with value [/QuanLySinhVien] in deployment descriptor [E:\CodeTools\Tomcat 10.1\conf\Catalina\localhost\QuanLySinhVien.xml] has been ignored
23-Mar-2026 23:51:11.282 INFO [http-nio-8080-exec-1] org.apache.jasper.servlet.TldScanner.scanJars At least one JAR was scanned for TLDs yet contained no TLDs. Enable debug logging for this logger for a complete list of JARs that were scanned but no TLDs were found in them. Skipping unneeded JARs during scanning can improve startup time and JSP compilation time.
23-Mar-2026 23:51:11.303 INFO [http-nio-8080-exec-1] org.apache.catalina.startup.HostConfig.deployDescriptor Deployment of deployment descriptor [E:\CodeTools\Tomcat 10.1\conf\Catalina\localhost\QuanLySinhVien.xml] has finished in [487] ms
23-Mar-2026 23:51:11.306 INFO [http-nio-8080-exec-8] org.apache.catalina.util.LifecycleBase.start The start() method was called on component [StandardEngine[Catalina].StandardHost[localhost].StandardContext[/QuanLySinhVien]] after start() had already been called. The second call will be ignored.
23-Mar-2026 23:51:39.055 INFO [http-nio-8080-exec-7] org.apache.catalina.startup.HostConfig.undeploy Undeploying context [/QuanLySinhVien]
23-Mar-2026 23:51:39.067 INFO [http-nio-8080-exec-8] org.apache.catalina.startup.HostConfig.deployDescriptor Deploying deployment descriptor [E:\CodeTools\Tomcat 10.1\conf\Catalina\localhost\QuanLySinhVien.xml]
23-Mar-2026 23:51:39.068 WARNING [http-nio-8080-exec-8] org.apache.catalina.startup.HostConfig.deployDescriptor The path attribute with value [/QuanLySinhVien] in deployment descriptor [E:\CodeTools\Tomcat 10.1\conf\Catalina\localhost\QuanLySinhVien.xml] has been ignored
23-Mar-2026 23:51:39.511 INFO [http-nio-8080-exec-8] org.apache.jasper.servlet.TldScanner.scanJars At least one JAR was scanned for TLDs yet contained no TLDs. Enable debug logging for this logger for a complete list of JARs that were scanned but no TLDs were found in them. Skipping unneeded JARs during scanning can improve startup time and JSP compilation time.
23-Mar-2026 23:51:39.532 INFO [http-nio-8080-exec-8] org.apache.catalina.startup.HostConfig.deployDescriptor Deployment of deployment descriptor [E:\CodeTools\Tomcat 10.1\conf\Catalina\localhost\QuanLySinhVien.xml] has finished in [465] ms
23-Mar-2026 23:51:39.535 INFO [http-nio-8080-exec-2] org.apache.catalina.util.LifecycleBase.start The start() method was called on component [StandardEngine[Catalina].StandardHost[localhost].StandardContext[/QuanLySinhVien]] after start() had already been called. The second call will be ignored.
23-Mar-2026 23:59:03.456 WARNING [http-nio-8080-exec-18] org.apache.catalina.loader.WebappClassLoaderBase.clearReferencesJdbc The web application [QuanLySinhVien] registered the JDBC driver [com.microsoft.sqlserver.jdbc.SQLServerDriver] but failed to unregister it when the web application was stopped. To prevent a memory leak, the JDBC Driver has been forcibly unregistered.
23-Mar-2026 23:59:03.959 INFO [http-nio-8080-exec-18] org.apache.catalina.startup.HostConfig.undeploy Undeploying context [/QuanLySinhVien]
23-Mar-2026 23:59:03.972 INFO [http-nio-8080-exec-14] org.apache.catalina.startup.HostConfig.deployDescriptor Deploying deployment descriptor [E:\CodeTools\Tomcat 10.1\conf\Catalina\localhost\QuanLySinhVien.xml]
23-Mar-2026 23:59:03.973 WARNING [http-nio-8080-exec-14] org.apache.catalina.startup.HostConfig.deployDescriptor The path attribute with value [/QuanLySinhVien] in deployment descriptor [E:\CodeTools\Tomcat 10.1\conf\Catalina\localhost\QuanLySinhVien.xml] has been ignored
23-Mar-2026 23:59:04.437 INFO [http-nio-8080-exec-14] org.apache.jasper.servlet.TldScanner.scanJars At least one JAR was scanned for TLDs yet contained no TLDs. Enable debug logging for this logger for a complete list of JARs that were scanned but no TLDs were found in them. Skipping unneeded JARs during scanning can improve startup time and JSP compilation time.
23-Mar-2026 23:59:04.460 INFO [http-nio-8080-exec-14] org.apache.catalina.startup.HostConfig.deployDescriptor Deployment of deployment descriptor [E:\CodeTools\Tomcat 10.1\conf\Catalina\localhost\QuanLySinhVien.xml] has finished in [488] ms
23-Mar-2026 23:59:04.462 INFO [http-nio-8080-exec-19] org.apache.catalina.util.LifecycleBase.start The start() method was called on component [StandardEngine[Catalina].StandardHost[localhost].StandardContext[/QuanLySinhVien]] after start() had already been called. The second call will be ignored.
