28-Mar-2026 00:14:13.545 INFO [http-nio-8080-exec-67] org.apache.catalina.core.ApplicationContext.log Manager: list: Listing contexts for virtual host 'localhost'
28-Mar-2026 00:14:13.546 INFO [http-nio-8080-exec-70] org.apache.catalina.core.ApplicationContext.log Manager: list: Listing contexts for virtual host 'localhost'
28-Mar-2026 00:14:13.555 INFO [http-nio-8080-exec-71] org.apache.catalina.core.ApplicationContext.log Manager: undeploy: Undeploying web application at '/QuanLySinhVien'
28-Mar-2026 00:14:14.069 INFO [http-nio-8080-exec-70] org.apache.catalina.core.ApplicationContext.log Manager: install: Installing context configuration at 'file:/C:/Users/Admin/AppData/Local/Temp/context13446493582763197867.xml'
28-Mar-2026 00:14:14.534 INFO [http-nio-8080-exec-67] org.apache.catalina.core.ApplicationContext.log Manager: start: Starting web application '/QuanLySinhVien'
28-Mar-2026 09:14:44.410 INFO [http-nio-8080-exec-2] org.apache.catalina.core.ApplicationContext.log Manager: init: Associated with Deployer 'Catalina:type=Deployer,host=localhost'
28-Mar-2026 09:14:44.410 INFO [http-nio-8080-exec-2] org.apache.catalina.core.ApplicationContext.log Manager: init: Global resources are available
28-Mar-2026 09:14:44.458 INFO [http-nio-8080-exec-3] org.apache.catalina.core.ApplicationContext.log Manager: list: Listing contexts for virtual host 'localhost'
28-Mar-2026 09:14:44.463 INFO [http-nio-8080-exec-5] org.apache.catalina.core.ApplicationContext.log Manager: list: Listing contexts for virtual host 'localhost'
28-Mar-2026 09:14:44.483 INFO [http-nio-8080-exec-7] org.apache.catalina.core.ApplicationContext.log Manager: undeploy: Undeploying web application at '/QuanLySinhVien'
28-Mar-2026 09:14:45.037 INFO [http-nio-8080-exec-3] org.apache.catalina.core.ApplicationContext.log Manager: install: Installing context configuration at 'file:/C:/Users/Admin/AppData/Local/Temp/context15938487755850624493.xml'
28-Mar-2026 09:14:45.885 INFO [http-nio-8080-exec-9] org.apache.catalina.core.ApplicationContext.log Manager: start: Starting web application '/QuanLySinhVien'
28-Mar-2026 09:15:27.683 INFO [http-nio-8080-exec-10] org.apache.catalina.core.ApplicationContext.log Manager: list: Listing contexts for virtual host 'localhost'
28-Mar-2026 09:15:27.687 INFO [http-nio-8080-exec-1] org.apache.catalina.core.ApplicationContext.log Manager: list: Listing contexts for virtual host 'localhost'
28-Mar-2026 09:15:27.700 INFO [http-nio-8080-exec-11] org.apache.catalina.core.ApplicationContext.log Manager: undeploy: Undeploying web application at '/QuanLySinhVien'
28-Mar-2026 09:15:28.225 INFO [http-nio-8080-exec-1] org.apache.catalina.core.ApplicationContext.log Manager: install: Installing context configuration at 'file:/C:/Users/Admin/AppData/Local/Temp/context9823133330265570209.xml'
28-Mar-2026 09:15:28.972 INFO [http-nio-8080-exec-3] org.apache.catalina.core.ApplicationContext.log Manager: start: Starting web application '/QuanLySinhVien'
28-Mar-2026 09:17:08.318 INFO [http-nio-8080-exec-20] org.apache.catalina.core.ApplicationContext.log Manager: list: Listing contexts for virtual host 'localhost'
28-Mar-2026 09:17:08.321 INFO [http-nio-8080-exec-15] org.apache.catalina.core.ApplicationContext.log Manager: list: Listing contexts for virtual host 'localhost'
28-Mar-2026 09:17:08.333 INFO [http-nio-8080-exec-4] org.apache.catalina.core.ApplicationContext.log Manager: undeploy: Undeploying web application at '/QuanLySinhVien'
28-Mar-2026 09:17:08.872 INFO [http-nio-8080-exec-14] org.apache.catalina.core.ApplicationContext.log Manager: install: Installing context configuration at 'file:/C:/Users/Admin/AppData/Local/Temp/context6920068154467197639.xml'
28-Mar-2026 09:17:09.566 INFO [http-nio-8080-exec-18] org.apache.catalina.core.ApplicationContext.log Manager: start: Starting web application '/QuanLySinhVien'
