21-Apr-2026 00:32:15.438 INFO [http-nio-8080-exec-120] org.apache.catalina.core.ApplicationContext.log Manager: list: Listing contexts for virtual host 'localhost'
21-Apr-2026 00:32:15.439 INFO [http-nio-8080-exec-126] org.apache.catalina.core.ApplicationContext.log Manager: list: Listing contexts for virtual host 'localhost'
21-Apr-2026 01:09:47.037 INFO [http-nio-8080-exec-128] org.apache.catalina.core.ApplicationContext.log Manager: list: Listing contexts for virtual host 'localhost'
21-Apr-2026 01:09:47.039 INFO [http-nio-8080-exec-120] org.apache.catalina.core.ApplicationContext.log Manager: list: Listing contexts for virtual host 'localhost'
21-Apr-2026 01:09:47.047 INFO [http-nio-8080-exec-125] org.apache.catalina.core.ApplicationContext.log Manager: undeploy: Undeploying web application at '/quanlykho'
21-Apr-2026 01:09:47.562 INFO [http-nio-8080-exec-123] org.apache.catalina.core.ApplicationContext.log Manager: install: Installing context configuration at 'file:/C:/Users/Admin/AppData/Local/Temp/context8298271390816430026.xml'
21-Apr-2026 01:09:47.841 INFO [http-nio-8080-exec-128] org.apache.catalina.core.ApplicationContext.log Manager: start: Starting web application '/quanlykho'
21-Apr-2026 01:14:58.796 INFO [http-nio-8080-exec-120] org.apache.catalina.core.ApplicationContext.log Manager: list: Listing contexts for virtual host 'localhost'
21-Apr-2026 01:14:58.799 INFO [http-nio-8080-exec-121] org.apache.catalina.core.ApplicationContext.log Manager: undeploy: Undeploying web application at '/quanlykho'
21-Apr-2026 01:14:58.848 INFO [http-nio-8080-exec-120] org.apache.catalina.core.ApplicationContext.log Manager: list: Listing contexts for virtual host 'localhost'
21-Apr-2026 01:14:59.308 INFO [http-nio-8080-exec-132] org.apache.catalina.core.ApplicationContext.log Manager: restart: Reloading web application '/quanlykho'
21-Apr-2026 01:15:01.251 INFO [http-nio-8080-exec-135] org.apache.catalina.core.ApplicationContext.log Manager: list: Listing contexts for virtual host 'localhost'
21-Apr-2026 01:15:01.252 INFO [http-nio-8080-exec-128] org.apache.catalina.core.ApplicationContext.log Manager: list: Listing contexts for virtual host 'localhost'
21-Apr-2026 01:15:01.258 INFO [http-nio-8080-exec-121] org.apache.catalina.core.ApplicationContext.log Manager: install: Installing context configuration at 'file:/C:/Users/Admin/AppData/Local/Temp/context3949025599476658478.xml'
21-Apr-2026 01:15:01.500 INFO [http-nio-8080-exec-132] org.apache.catalina.core.ApplicationContext.log Manager: start: Starting web application '/quanlykho'
21-Apr-2026 01:39:41.230 INFO [http-nio-8080-exec-139] org.apache.catalina.core.ApplicationContext.log Manager: list: Listing contexts for virtual host 'localhost'
21-Apr-2026 01:39:41.232 INFO [http-nio-8080-exec-141] org.apache.catalina.core.ApplicationContext.log Manager: list: Listing contexts for virtual host 'localhost'
21-Apr-2026 01:39:41.242 INFO [http-nio-8080-exec-145] org.apache.catalina.core.ApplicationContext.log Manager: undeploy: Undeploying web application at '/quanlykho'
21-Apr-2026 01:39:41.759 INFO [http-nio-8080-exec-143] org.apache.catalina.core.ApplicationContext.log Manager: install: Installing context configuration at 'file:/C:/Users/Admin/AppData/Local/Temp/context269283732206280530.xml'
21-Apr-2026 01:39:41.952 INFO [http-nio-8080-exec-137] org.apache.catalina.core.ApplicationContext.log Manager: list: Listing contexts for virtual host 'localhost'
21-Apr-2026 01:39:41.953 INFO [http-nio-8080-exec-147] org.apache.catalina.core.ApplicationContext.log Manager: list: Listing contexts for virtual host 'localhost'
21-Apr-2026 01:39:42.020 INFO [http-nio-8080-exec-138] org.apache.catalina.core.ApplicationContext.log Manager: restart: Reloading web application '/quanlykho'
21-Apr-2026 01:39:42.247 INFO [http-nio-8080-exec-144] org.apache.catalina.core.ApplicationContext.log Manager: start: Starting web application '/quanlykho'
21-Apr-2026 01:39:42.568 INFO [http-nio-8080-exec-147] org.apache.catalina.core.ApplicationContext.log Manager: list: Listing contexts for virtual host 'localhost'
21-Apr-2026 01:39:42.578 INFO [http-nio-8080-exec-140] org.apache.catalina.core.ApplicationContext.log Manager: restart: Reloading web application '/quanlykho'
21-Apr-2026 01:44:01.966 INFO [http-nio-8080-exec-149] org.apache.catalina.core.ApplicationContext.log Manager: list: Listing contexts for virtual host 'localhost'
21-Apr-2026 01:44:01.969 INFO [http-nio-8080-exec-155] org.apache.catalina.core.ApplicationContext.log Manager: restart: Reloading web application '/quanlykho'
21-Apr-2026 01:44:02.071 INFO [http-nio-8080-exec-158] org.apache.catalina.core.ApplicationContext.log Manager: list: Listing contexts for virtual host 'localhost'
21-Apr-2026 01:44:02.072 INFO [http-nio-8080-exec-154] org.apache.catalina.core.ApplicationContext.log Manager: list: Listing contexts for virtual host 'localhost'
21-Apr-2026 01:44:02.219 INFO [http-nio-8080-exec-153] org.apache.catalina.core.ApplicationContext.log Manager: restart: Reloading web application '/quanlykho'
21-Apr-2026 01:44:29.591 INFO [http-nio-8080-exec-164] org.apache.catalina.core.ApplicationContext.log Manager: list: Listing contexts for virtual host 'localhost'
21-Apr-2026 01:44:29.593 INFO [http-nio-8080-exec-162] org.apache.catalina.core.ApplicationContext.log Manager: list: Listing contexts for virtual host 'localhost'
21-Apr-2026 01:46:11.808 INFO [http-nio-8080-exec-159] org.apache.catalina.core.ApplicationContext.log Manager: list: Listing contexts for virtual host 'localhost'
21-Apr-2026 01:46:11.809 INFO [http-nio-8080-exec-161] org.apache.catalina.core.ApplicationContext.log Manager: list: Listing contexts for virtual host 'localhost'
21-Apr-2026 01:48:22.969 INFO [http-nio-8080-exec-165] org.apache.catalina.core.ApplicationContext.log Manager: list: Listing contexts for virtual host 'localhost'
21-Apr-2026 01:48:23.188 INFO [http-nio-8080-exec-160] org.apache.catalina.core.ApplicationContext.log Manager: list: Listing contexts for virtual host 'localhost'
21-Apr-2026 01:48:23.189 INFO [http-nio-8080-exec-164] org.apache.catalina.core.ApplicationContext.log Manager: list: Listing contexts for virtual host 'localhost'
21-Apr-2026 01:52:51.960 INFO [http-nio-8080-exec-167] org.apache.catalina.core.ApplicationContext.log Manager: list: Listing contexts for virtual host 'localhost'
21-Apr-2026 01:52:52.234 INFO [http-nio-8080-exec-166] org.apache.catalina.core.ApplicationContext.log Manager: list: Listing contexts for virtual host 'localhost'
21-Apr-2026 01:52:52.237 INFO [http-nio-8080-exec-168] org.apache.catalina.core.ApplicationContext.log Manager: restart: Reloading web application '/quanlykho'
21-Apr-2026 01:52:57.009 INFO [http-nio-8080-exec-162] org.apache.catalina.core.ApplicationContext.log Manager: list: Listing contexts for virtual host 'localhost'
21-Apr-2026 01:52:57.010 INFO [http-nio-8080-exec-165] org.apache.catalina.core.ApplicationContext.log Manager: list: Listing contexts for virtual host 'localhost'
21-Apr-2026 01:52:57.028 INFO [http-nio-8080-exec-161] org.apache.catalina.core.ApplicationContext.log Manager: restart: Reloading web application '/quanlykho'
21-Apr-2026 01:54:31.491 INFO [http-nio-8080-exec-172] org.apache.catalina.core.ApplicationContext.log Manager: list: Listing contexts for virtual host 'localhost'
21-Apr-2026 01:54:31.494 INFO [http-nio-8080-exec-173] org.apache.catalina.core.ApplicationContext.log Manager: restart: Reloading web application '/quanlykho'
21-Apr-2026 01:54:31.591 INFO [http-nio-8080-exec-174] org.apache.catalina.core.ApplicationContext.log Manager: list: Listing contexts for virtual host 'localhost'
21-Apr-2026 01:54:31.592 INFO [http-nio-8080-exec-176] org.apache.catalina.core.ApplicationContext.log Manager: list: Listing contexts for virtual host 'localhost'
21-Apr-2026 01:54:31.727 INFO [http-nio-8080-exec-174] org.apache.catalina.core.ApplicationContext.log Manager: restart: Reloading web application '/quanlykho'
21-Apr-2026 02:06:39.743 INFO [http-nio-8080-exec-183] org.apache.catalina.core.ApplicationContext.log Manager: list: Listing contexts for virtual host 'localhost'
21-Apr-2026 02:06:39.987 INFO [http-nio-8080-exec-185] org.apache.catalina.core.ApplicationContext.log Manager: list: Listing contexts for virtual host 'localhost'
21-Apr-2026 02:06:39.989 INFO [http-nio-8080-exec-184] org.apache.catalina.core.ApplicationContext.log Manager: restart: Reloading web application '/quanlykho'
21-Apr-2026 02:06:40.092 INFO [http-nio-8080-exec-179] org.apache.catalina.core.ApplicationContext.log Manager: list: Listing contexts for virtual host 'localhost'
21-Apr-2026 02:06:40.094 INFO [http-nio-8080-exec-185] org.apache.catalina.core.ApplicationContext.log Manager: list: Listing contexts for virtual host 'localhost'
21-Apr-2026 02:06:40.230 INFO [http-nio-8080-exec-181] org.apache.catalina.core.ApplicationContext.log Manager: restart: Reloading web application '/quanlykho'
21-Apr-2026 02:13:45.444 INFO [http-nio-8080-exec-197] org.apache.catalina.core.ApplicationContext.log Manager: list: Listing contexts for virtual host 'localhost'
21-Apr-2026 02:13:45.447 INFO [http-nio-8080-exec-193] org.apache.catalina.core.ApplicationContext.log Manager: undeploy: Undeploying web application at '/quanlykho'
21-Apr-2026 02:14:09.869 INFO [http-nio-8080-exec-196] org.apache.catalina.core.ApplicationContext.log Manager: list: Listing contexts for virtual host 'localhost'
21-Apr-2026 02:14:10.094 INFO [http-nio-8080-exec-188] org.apache.catalina.core.ApplicationContext.log Manager: list: Listing contexts for virtual host 'localhost'
21-Apr-2026 02:14:10.095 INFO [http-nio-8080-exec-189] org.apache.catalina.core.ApplicationContext.log Manager: list: Listing contexts for virtual host 'localhost'
21-Apr-2026 02:14:10.102 INFO [http-nio-8080-exec-190] org.apache.catalina.core.ApplicationContext.log Manager: install: Installing context configuration at 'file:/C:/Users/Admin/AppData/Local/Temp/context17761984561324814849.xml'
21-Apr-2026 02:14:10.334 INFO [http-nio-8080-exec-196] org.apache.catalina.core.ApplicationContext.log Manager: start: Starting web application '/quanlykho'
21-Apr-2026 02:15:10.460 INFO [http-nio-8080-exec-200] org.apache.catalina.core.ApplicationContext.log Manager: list: Listing contexts for virtual host 'localhost'
21-Apr-2026 02:15:10.725 INFO [http-nio-8080-exec-201] org.apache.catalina.core.ApplicationContext.log Manager: list: Listing contexts for virtual host 'localhost'
21-Apr-2026 02:15:10.727 INFO [http-nio-8080-exec-189] org.apache.catalina.core.ApplicationContext.log Manager: restart: Reloading web application '/quanlykho'
21-Apr-2026 02:15:10.830 INFO [http-nio-8080-exec-199] org.apache.catalina.core.ApplicationContext.log Manager: list: Listing contexts for virtual host 'localhost'
21-Apr-2026 02:15:10.831 INFO [http-nio-8080-exec-200] org.apache.catalina.core.ApplicationContext.log Manager: list: Listing contexts for virtual host 'localhost'
21-Apr-2026 02:15:10.959 INFO [http-nio-8080-exec-196] org.apache.catalina.core.ApplicationContext.log Manager: restart: Reloading web application '/quanlykho'
21-Apr-2026 02:18:54.599 INFO [http-nio-8080-exec-206] org.apache.catalina.core.ApplicationContext.log Manager: list: Listing contexts for virtual host 'localhost'
21-Apr-2026 02:18:54.859 INFO [http-nio-8080-exec-209] org.apache.catalina.core.ApplicationContext.log Manager: list: Listing contexts for virtual host 'localhost'
21-Apr-2026 02:18:54.860 INFO [http-nio-8080-exec-211] org.apache.catalina.core.ApplicationContext.log Manager: list: Listing contexts for virtual host 'localhost'
21-Apr-2026 02:27:51.195 INFO [http-nio-8080-exec-209] org.apache.catalina.core.ApplicationContext.log Manager: list: Listing contexts for virtual host 'localhost'
21-Apr-2026 02:27:51.198 INFO [http-nio-8080-exec-213] org.apache.catalina.core.ApplicationContext.log Manager: restart: Reloading web application '/quanlykho'
21-Apr-2026 02:33:21.735 INFO [http-nio-8080-exec-215] org.apache.catalina.core.ApplicationContext.log Manager: list: Listing contexts for virtual host 'localhost'
21-Apr-2026 02:33:22.047 INFO [http-nio-8080-exec-216] org.apache.catalina.core.ApplicationContext.log Manager: list: Listing contexts for virtual host 'localhost'
21-Apr-2026 02:33:22.050 INFO [http-nio-8080-exec-217] org.apache.catalina.core.ApplicationContext.log Manager: restart: Reloading web application '/quanlykho'
21-Apr-2026 02:33:22.165 INFO [http-nio-8080-exec-208] org.apache.catalina.core.ApplicationContext.log Manager: list: Listing contexts for virtual host 'localhost'
21-Apr-2026 02:33:22.166 INFO [http-nio-8080-exec-212] org.apache.catalina.core.ApplicationContext.log Manager: list: Listing contexts for virtual host 'localhost'
21-Apr-2026 02:33:22.311 INFO [http-nio-8080-exec-216] org.apache.catalina.core.ApplicationContext.log Manager: restart: Reloading web application '/quanlykho'
21-Apr-2026 02:44:27.313 INFO [http-nio-8080-exec-222] org.apache.catalina.core.ApplicationContext.log Manager: list: Listing contexts for virtual host 'localhost'
21-Apr-2026 02:44:27.321 INFO [http-nio-8080-exec-227] org.apache.catalina.core.ApplicationContext.log Manager: restart: Reloading web application '/quanlykho'
21-Apr-2026 02:44:29.410 INFO [http-nio-8080-exec-225] org.apache.catalina.core.ApplicationContext.log Manager: list: Listing contexts for virtual host 'localhost'
21-Apr-2026 02:44:29.413 INFO [http-nio-8080-exec-230] org.apache.catalina.core.ApplicationContext.log Manager: restart: Reloading web application '/quanlykho'
21-Apr-2026 02:45:05.337 INFO [http-nio-8080-exec-222] org.apache.catalina.core.ApplicationContext.log Manager: list: Listing contexts for virtual host 'localhost'
21-Apr-2026 02:45:05.341 INFO [http-nio-8080-exec-223] org.apache.catalina.core.ApplicationContext.log Manager: restart: Reloading web application '/quanlykho'
21-Apr-2026 02:45:05.920 INFO [http-nio-8080-exec-225] org.apache.catalina.core.ApplicationContext.log Manager: list: Listing contexts for virtual host 'localhost'
21-Apr-2026 02:45:05.922 INFO [http-nio-8080-exec-230] org.apache.catalina.core.ApplicationContext.log Manager: restart: Reloading web application '/quanlykho'
21-Apr-2026 02:45:09.551 INFO [http-nio-8080-exec-223] org.apache.catalina.core.ApplicationContext.log Manager: list: Listing contexts for virtual host 'localhost'
21-Apr-2026 02:45:09.556 INFO [http-nio-8080-exec-232] org.apache.catalina.core.ApplicationContext.log Manager: restart: Reloading web application '/quanlykho'
21-Apr-2026 02:45:09.949 INFO [http-nio-8080-exec-231] org.apache.catalina.core.ApplicationContext.log Manager: list: Listing contexts for virtual host 'localhost'
21-Apr-2026 02:45:09.952 INFO [http-nio-8080-exec-230] org.apache.catalina.core.ApplicationContext.log Manager: restart: Reloading web application '/quanlykho'
21-Apr-2026 02:45:43.171 INFO [http-nio-8080-exec-226] org.apache.catalina.core.ApplicationContext.log Manager: list: Listing contexts for virtual host 'localhost'
21-Apr-2026 02:45:44.257 INFO [http-nio-8080-exec-225] org.apache.catalina.core.ApplicationContext.log Manager: list: Listing contexts for virtual host 'localhost'
21-Apr-2026 02:45:44.259 INFO [http-nio-8080-exec-234] org.apache.catalina.core.ApplicationContext.log Manager: list: Listing contexts for virtual host 'localhost'
21-Apr-2026 02:45:44.272 INFO [http-nio-8080-exec-230] org.apache.catalina.core.ApplicationContext.log Manager: undeploy: Undeploying web application at '/quanlykho'
21-Apr-2026 02:45:44.781 INFO [http-nio-8080-exec-236] org.apache.catalina.core.ApplicationContext.log Manager: undeploy: Undeploying web application at '/quanlykho'
21-Apr-2026 02:45:44.798 INFO [http-nio-8080-exec-221] org.apache.catalina.core.ApplicationContext.log Manager: install: Installing context configuration at 'file:/C:/Users/Admin/AppData/Local/Temp/context4130529739926782277.xml'
21-Apr-2026 02:45:45.033 INFO [http-nio-8080-exec-229] org.apache.catalina.core.ApplicationContext.log Manager: start: Starting web application '/quanlykho'
21-Apr-2026 02:49:10.736 INFO [http-nio-8080-exec-239] org.apache.catalina.core.ApplicationContext.log Manager: list: Listing contexts for virtual host 'localhost'
21-Apr-2026 02:49:10.739 INFO [http-nio-8080-exec-243] org.apache.catalina.core.ApplicationContext.log Manager: restart: Reloading web application '/quanlykho'
21-Apr-2026 02:50:35.821 INFO [http-nio-8080-exec-238] org.apache.catalina.core.ApplicationContext.log Manager: list: Listing contexts for virtual host 'localhost'
21-Apr-2026 02:50:35.892 INFO [http-nio-8080-exec-248] org.apache.catalina.core.ApplicationContext.log Manager: list: Listing contexts for virtual host 'localhost'
21-Apr-2026 02:50:35.894 INFO [http-nio-8080-exec-240] org.apache.catalina.core.ApplicationContext.log Manager: restart: Reloading web application '/quanlykho'
21-Apr-2026 02:50:36.205 INFO [http-nio-8080-exec-248] org.apache.catalina.core.ApplicationContext.log Manager: list: Listing contexts for virtual host 'localhost'
21-Apr-2026 02:50:36.207 INFO [http-nio-8080-exec-239] org.apache.catalina.core.ApplicationContext.log Manager: restart: Reloading web application '/quanlykho'
21-Apr-2026 02:50:37.667 INFO [http-nio-8080-exec-250] org.apache.catalina.core.ApplicationContext.log Manager: list: Listing contexts for virtual host 'localhost'
21-Apr-2026 02:50:37.669 INFO [http-nio-8080-exec-249] org.apache.catalina.core.ApplicationContext.log Manager: list: Listing contexts for virtual host 'localhost'
21-Apr-2026 02:50:37.686 INFO [http-nio-8080-exec-248] org.apache.catalina.core.ApplicationContext.log Manager: restart: Reloading web application '/quanlykho'
21-Apr-2026 02:54:13.629 INFO [http-nio-8080-exec-254] org.apache.catalina.core.ApplicationContext.log Manager: list: Listing contexts for virtual host 'localhost'
21-Apr-2026 02:54:13.632 INFO [http-nio-8080-exec-251] org.apache.catalina.core.ApplicationContext.log Manager: restart: Reloading web application '/quanlykho'
21-Apr-2026 02:58:15.388 INFO [http-nio-8080-exec-264] org.apache.catalina.core.ApplicationContext.log Manager: list: Listing contexts for virtual host 'localhost'
21-Apr-2026 02:58:15.391 INFO [http-nio-8080-exec-263] org.apache.catalina.core.ApplicationContext.log Manager: restart: Reloading web application '/quanlykho'
21-Apr-2026 02:58:15.681 INFO [http-nio-8080-exec-262] org.apache.catalina.core.ApplicationContext.log Manager: list: Listing contexts for virtual host 'localhost'
21-Apr-2026 02:58:15.682 INFO [http-nio-8080-exec-264] org.apache.catalina.core.ApplicationContext.log Manager: list: Listing contexts for virtual host 'localhost'
21-Apr-2026 02:58:15.695 INFO [http-nio-8080-exec-261] org.apache.catalina.core.ApplicationContext.log Manager: restart: Reloading web application '/quanlykho'
21-Apr-2026 02:58:15.961 INFO [http-nio-8080-exec-265] org.apache.catalina.core.ApplicationContext.log Manager: list: Listing contexts for virtual host 'localhost'
21-Apr-2026 02:58:15.966 INFO [http-nio-8080-exec-261] org.apache.catalina.core.ApplicationContext.log Manager: restart: Reloading web application '/quanlykho'
21-Apr-2026 02:59:54.818 INFO [http-nio-8080-exec-270] org.apache.catalina.core.ApplicationContext.log Manager: list: Listing contexts for virtual host 'localhost'
21-Apr-2026 02:59:54.820 INFO [http-nio-8080-exec-275] org.apache.catalina.core.ApplicationContext.log Manager: list: Listing contexts for virtual host 'localhost'
21-Apr-2026 03:04:18.015 INFO [http-nio-8080-exec-272] org.apache.catalina.core.ApplicationContext.log Manager: list: Listing contexts for virtual host 'localhost'
21-Apr-2026 03:04:18.019 INFO [http-nio-8080-exec-269] org.apache.catalina.core.ApplicationContext.log Manager: restart: Reloading web application '/quanlykho'
21-Apr-2026 03:04:18.142 INFO [http-nio-8080-exec-277] org.apache.catalina.core.ApplicationContext.log Manager: list: Listing contexts for virtual host 'localhost'
21-Apr-2026 03:04:18.143 INFO [http-nio-8080-exec-270] org.apache.catalina.core.ApplicationContext.log Manager: list: Listing contexts for virtual host 'localhost'
21-Apr-2026 03:04:18.267 INFO [http-nio-8080-exec-275] org.apache.catalina.core.ApplicationContext.log Manager: restart: Reloading web application '/quanlykho'
21-Apr-2026 03:06:33.849 INFO [http-nio-8080-exec-281] org.apache.catalina.core.ApplicationContext.log Manager: list: Listing contexts for virtual host 'localhost'
21-Apr-2026 03:06:34.089 INFO [http-nio-8080-exec-283] org.apache.catalina.core.ApplicationContext.log Manager: list: Listing contexts for virtual host 'localhost'
21-Apr-2026 03:06:34.091 INFO [http-nio-8080-exec-284] org.apache.catalina.core.ApplicationContext.log Manager: restart: Reloading web application '/quanlykho'
21-Apr-2026 03:07:32.952 INFO [http-nio-8080-exec-280] org.apache.catalina.core.ApplicationContext.log Manager: list: Listing contexts for virtual host 'localhost'
21-Apr-2026 03:07:32.957 INFO [http-nio-8080-exec-278] org.apache.catalina.core.ApplicationContext.log Manager: restart: Reloading web application '/quanlykho'
21-Apr-2026 03:08:02.610 INFO [http-nio-8080-exec-287] org.apache.catalina.core.ApplicationContext.log Manager: list: Listing contexts for virtual host 'localhost'
21-Apr-2026 03:08:02.612 INFO [http-nio-8080-exec-288] org.apache.catalina.core.ApplicationContext.log Manager: restart: Reloading web application '/quanlykho'
21-Apr-2026 03:08:02.856 INFO [http-nio-8080-exec-289] org.apache.catalina.core.ApplicationContext.log Manager: list: Listing contexts for virtual host 'localhost'
21-Apr-2026 03:08:02.858 INFO [http-nio-8080-exec-283] org.apache.catalina.core.ApplicationContext.log Manager: list: Listing contexts for virtual host 'localhost'
21-Apr-2026 03:08:02.877 INFO [http-nio-8080-exec-285] org.apache.catalina.core.ApplicationContext.log Manager: restart: Reloading web application '/quanlykho'
21-Apr-2026 03:08:03.176 INFO [http-nio-8080-exec-280] org.apache.catalina.core.ApplicationContext.log Manager: list: Listing contexts for virtual host 'localhost'
21-Apr-2026 03:08:03.180 INFO [http-nio-8080-exec-285] org.apache.catalina.core.ApplicationContext.log Manager: restart: Reloading web application '/quanlykho'
21-Apr-2026 03:10:43.623 INFO [http-nio-8080-exec-293] org.apache.catalina.core.ApplicationContext.log Manager: list: Listing contexts for virtual host 'localhost'
21-Apr-2026 03:10:43.899 INFO [http-nio-8080-exec-295] org.apache.catalina.core.ApplicationContext.log Manager: list: Listing contexts for virtual host 'localhost'
21-Apr-2026 03:10:43.901 INFO [http-nio-8080-exec-296] org.apache.catalina.core.ApplicationContext.log Manager: restart: Reloading web application '/quanlykho'
21-Apr-2026 03:10:44.015 INFO [http-nio-8080-exec-300] org.apache.catalina.core.ApplicationContext.log Manager: list: Listing contexts for virtual host 'localhost'
21-Apr-2026 03:10:44.016 INFO [http-nio-8080-exec-297] org.apache.catalina.core.ApplicationContext.log Manager: list: Listing contexts for virtual host 'localhost'
21-Apr-2026 03:10:44.148 INFO [http-nio-8080-exec-294] org.apache.catalina.core.ApplicationContext.log Manager: restart: Reloading web application '/quanlykho'
21-Apr-2026 03:12:48.738 INFO [http-nio-8080-exec-306] org.apache.catalina.core.ApplicationContext.log Manager: list: Listing contexts for virtual host 'localhost'
21-Apr-2026 03:12:49.004 INFO [http-nio-8080-exec-307] org.apache.catalina.core.ApplicationContext.log Manager: list: Listing contexts for virtual host 'localhost'
21-Apr-2026 03:12:49.006 INFO [http-nio-8080-exec-308] org.apache.catalina.core.ApplicationContext.log Manager: restart: Reloading web application '/quanlykho'
21-Apr-2026 03:12:49.124 INFO [http-nio-8080-exec-301] org.apache.catalina.core.ApplicationContext.log Manager: list: Listing contexts for virtual host 'localhost'
21-Apr-2026 03:12:49.125 INFO [http-nio-8080-exec-304] org.apache.catalina.core.ApplicationContext.log Manager: list: Listing contexts for virtual host 'localhost'
21-Apr-2026 03:12:49.270 INFO [http-nio-8080-exec-307] org.apache.catalina.core.ApplicationContext.log Manager: restart: Reloading web application '/quanlykho'
21-Apr-2026 03:15:03.610 INFO [http-nio-8080-exec-312] org.apache.catalina.core.ApplicationContext.log Manager: list: Listing contexts for virtual host 'localhost'
21-Apr-2026 03:15:03.613 INFO [http-nio-8080-exec-318] org.apache.catalina.core.ApplicationContext.log Manager: restart: Reloading web application '/quanlykho'
21-Apr-2026 03:15:04.168 INFO [http-nio-8080-exec-317] org.apache.catalina.core.ApplicationContext.log Manager: list: Listing contexts for virtual host 'localhost'
21-Apr-2026 03:15:04.170 INFO [http-nio-8080-exec-319] org.apache.catalina.core.ApplicationContext.log Manager: restart: Reloading web application '/quanlykho'
21-Apr-2026 03:17:01.319 INFO [http-nio-8080-exec-316] org.apache.catalina.core.ApplicationContext.log Manager: list: Listing contexts for virtual host 'localhost'
21-Apr-2026 03:17:01.321 INFO [http-nio-8080-exec-312] org.apache.catalina.core.ApplicationContext.log Manager: restart: Reloading web application '/quanlykho'
21-Apr-2026 03:17:15.520 INFO [http-nio-8080-exec-321] org.apache.catalina.core.ApplicationContext.log Manager: list: Listing contexts for virtual host 'localhost'
21-Apr-2026 03:17:15.762 INFO [http-nio-8080-exec-312] org.apache.catalina.core.ApplicationContext.log Manager: list: Listing contexts for virtual host 'localhost'
21-Apr-2026 03:17:15.764 INFO [http-nio-8080-exec-319] org.apache.catalina.core.ApplicationContext.log Manager: restart: Reloading web application '/quanlykho'
21-Apr-2026 03:17:15.883 INFO [http-nio-8080-exec-325] org.apache.catalina.core.ApplicationContext.log Manager: list: Listing contexts for virtual host 'localhost'
21-Apr-2026 03:17:15.894 INFO [http-nio-8080-exec-317] org.apache.catalina.core.ApplicationContext.log Manager: list: Listing contexts for virtual host 'localhost'
21-Apr-2026 03:17:16.022 INFO [http-nio-8080-exec-324] org.apache.catalina.core.ApplicationContext.log Manager: restart: Reloading web application '/quanlykho'
21-Apr-2026 03:19:48.554 INFO [http-nio-8080-exec-326] org.apache.catalina.core.ApplicationContext.log Manager: list: Listing contexts for virtual host 'localhost'
21-Apr-2026 03:19:48.822 INFO [http-nio-8080-exec-334] org.apache.catalina.core.ApplicationContext.log Manager: list: Listing contexts for virtual host 'localhost'
21-Apr-2026 03:19:48.824 INFO [http-nio-8080-exec-330] org.apache.catalina.core.ApplicationContext.log Manager: list: Listing contexts for virtual host 'localhost'
21-Apr-2026 03:20:06.908 INFO [http-nio-8080-exec-329] org.apache.catalina.core.ApplicationContext.log Manager: list: Listing contexts for virtual host 'localhost'
21-Apr-2026 03:20:07.178 INFO [http-nio-8080-exec-335] org.apache.catalina.core.ApplicationContext.log Manager: list: Listing contexts for virtual host 'localhost'
21-Apr-2026 03:20:07.179 INFO [http-nio-8080-exec-334] org.apache.catalina.core.ApplicationContext.log Manager: list: Listing contexts for virtual host 'localhost'
21-Apr-2026 03:24:46.701 INFO [http-nio-8080-exec-326] org.apache.catalina.core.ApplicationContext.log Manager: list: Listing contexts for virtual host 'localhost'
21-Apr-2026 03:24:46.704 INFO [http-nio-8080-exec-333] org.apache.catalina.core.ApplicationContext.log Manager: restart: Reloading web application '/quanlykho'
21-Apr-2026 03:25:59.081 INFO [http-nio-8080-exec-330] org.apache.catalina.core.ApplicationContext.log Manager: list: Listing contexts for virtual host 'localhost'
21-Apr-2026 03:25:59.084 INFO [http-nio-8080-exec-338] org.apache.catalina.core.ApplicationContext.log Manager: restart: Reloading web application '/quanlykho'
21-Apr-2026 03:25:59.659 INFO [http-nio-8080-exec-328] org.apache.catalina.core.ApplicationContext.log Manager: list: Listing contexts for virtual host 'localhost'
21-Apr-2026 03:25:59.661 INFO [http-nio-8080-exec-330] org.apache.catalina.core.ApplicationContext.log Manager: restart: Reloading web application '/quanlykho'
21-Apr-2026 03:26:38.218 INFO [http-nio-8080-exec-328] org.apache.catalina.core.ApplicationContext.log Manager: list: Listing contexts for virtual host 'localhost'
21-Apr-2026 03:26:38.276 INFO [http-nio-8080-exec-334] org.apache.catalina.core.ApplicationContext.log Manager: list: Listing contexts for virtual host 'localhost'
21-Apr-2026 03:26:38.279 INFO [http-nio-8080-exec-328] org.apache.catalina.core.ApplicationContext.log Manager: undeploy: Undeploying web application at '/quanlykho'
21-Apr-2026 03:26:41.401 INFO [http-nio-8080-exec-329] org.apache.catalina.core.ApplicationContext.log Manager: list: Listing contexts for virtual host 'localhost'
21-Apr-2026 03:26:41.402 INFO [http-nio-8080-exec-334] org.apache.catalina.core.ApplicationContext.log Manager: list: Listing contexts for virtual host 'localhost'
21-Apr-2026 03:26:41.409 INFO [http-nio-8080-exec-336] org.apache.catalina.core.ApplicationContext.log Manager: install: Installing context configuration at 'file:/C:/Users/Admin/AppData/Local/Temp/context15027034939907438396.xml'
21-Apr-2026 03:26:41.634 INFO [http-nio-8080-exec-328] org.apache.catalina.core.ApplicationContext.log Manager: start: Starting web application '/quanlykho'
21-Apr-2026 03:28:05.106 INFO [http-nio-8080-exec-342] org.apache.catalina.core.ApplicationContext.log Manager: list: Listing contexts for virtual host 'localhost'
21-Apr-2026 03:28:05.109 INFO [http-nio-8080-exec-343] org.apache.catalina.core.ApplicationContext.log Manager: restart: Reloading web application '/quanlykho'
21-Apr-2026 03:28:18.203 INFO [http-nio-8080-exec-344] org.apache.catalina.core.ApplicationContext.log Manager: list: Listing contexts for virtual host 'localhost'
21-Apr-2026 03:28:18.205 INFO [http-nio-8080-exec-342] org.apache.catalina.core.ApplicationContext.log Manager: restart: Reloading web application '/quanlykho'
21-Apr-2026 03:28:18.313 INFO [http-nio-8080-exec-341] org.apache.catalina.core.ApplicationContext.log Manager: list: Listing contexts for virtual host 'localhost'
21-Apr-2026 03:28:18.314 INFO [http-nio-8080-exec-349] org.apache.catalina.core.ApplicationContext.log Manager: list: Listing contexts for virtual host 'localhost'
21-Apr-2026 03:28:18.443 INFO [http-nio-8080-exec-344] org.apache.catalina.core.ApplicationContext.log Manager: restart: Reloading web application '/quanlykho'
21-Apr-2026 03:34:13.702 INFO [http-nio-8080-exec-355] org.apache.catalina.core.ApplicationContext.log Manager: list: Listing contexts for virtual host 'localhost'
21-Apr-2026 03:34:13.704 INFO [http-nio-8080-exec-354] org.apache.catalina.core.ApplicationContext.log Manager: restart: Reloading web application '/quanlykho'
21-Apr-2026 03:34:13.811 INFO [http-nio-8080-exec-360] org.apache.catalina.core.ApplicationContext.log Manager: list: Listing contexts for virtual host 'localhost'
21-Apr-2026 03:34:13.813 INFO [http-nio-8080-exec-359] org.apache.catalina.core.ApplicationContext.log Manager: list: Listing contexts for virtual host 'localhost'
21-Apr-2026 03:34:13.956 INFO [http-nio-8080-exec-351] org.apache.catalina.core.ApplicationContext.log Manager: restart: Reloading web application '/quanlykho'
21-Apr-2026 03:35:02.074 INFO [http-nio-8080-exec-361] org.apache.catalina.core.ApplicationContext.log Manager: list: Listing contexts for virtual host 'localhost'
21-Apr-2026 03:35:02.331 INFO [http-nio-8080-exec-362] org.apache.catalina.core.ApplicationContext.log Manager: list: Listing contexts for virtual host 'localhost'
21-Apr-2026 03:35:02.333 INFO [http-nio-8080-exec-364] org.apache.catalina.core.ApplicationContext.log Manager: list: Listing contexts for virtual host 'localhost'
21-Apr-2026 03:35:06.447 INFO [http-nio-8080-exec-361] org.apache.catalina.core.ApplicationContext.log Manager: list: Listing contexts for virtual host 'localhost'
21-Apr-2026 03:35:06.450 INFO [http-nio-8080-exec-369] org.apache.catalina.core.ApplicationContext.log Manager: list: Listing contexts for virtual host 'localhost'
21-Apr-2026 03:38:11.504 INFO [http-nio-8080-exec-366] org.apache.catalina.core.ApplicationContext.log Manager: list: Listing contexts for virtual host 'localhost'
21-Apr-2026 03:38:11.508 INFO [http-nio-8080-exec-361] org.apache.catalina.core.ApplicationContext.log Manager: list: Listing contexts for virtual host 'localhost'
21-Apr-2026 03:42:08.078 INFO [http-nio-8080-exec-369] org.apache.catalina.core.ApplicationContext.log Manager: list: Listing contexts for virtual host 'localhost'
21-Apr-2026 03:42:08.083 INFO [http-nio-8080-exec-367] org.apache.catalina.core.ApplicationContext.log Manager: restart: Reloading web application '/quanlykho'
21-Apr-2026 03:42:41.819 INFO [http-nio-8080-exec-368] org.apache.catalina.core.ApplicationContext.log Manager: list: Listing contexts for virtual host 'localhost'
21-Apr-2026 03:42:41.907 INFO [http-nio-8080-exec-371] org.apache.catalina.core.ApplicationContext.log Manager: list: Listing contexts for virtual host 'localhost'
21-Apr-2026 03:42:41.908 INFO [http-nio-8080-exec-363] org.apache.catalina.core.ApplicationContext.log Manager: restart: Reloading web application '/quanlykho'
21-Apr-2026 03:42:42.484 INFO [http-nio-8080-exec-361] org.apache.catalina.core.ApplicationContext.log Manager: list: Listing contexts for virtual host 'localhost'
21-Apr-2026 03:42:42.485 INFO [http-nio-8080-exec-372] org.apache.catalina.core.ApplicationContext.log Manager: list: Listing contexts for virtual host 'localhost'
21-Apr-2026 03:42:42.486 INFO [http-nio-8080-exec-363] org.apache.catalina.core.ApplicationContext.log Manager: list: Listing contexts for virtual host 'localhost'
21-Apr-2026 03:42:42.488 INFO [http-nio-8080-exec-362] org.apache.catalina.core.ApplicationContext.log Manager: restart: Reloading web application '/quanlykho'
21-Apr-2026 03:42:42.730 INFO [http-nio-8080-exec-370] org.apache.catalina.core.ApplicationContext.log Manager: restart: Reloading web application '/quanlykho'
21-Apr-2026 03:44:42.505 INFO [http-nio-8080-exec-373] org.apache.catalina.core.ApplicationContext.log Manager: list: Listing contexts for virtual host 'localhost'
21-Apr-2026 03:44:42.508 INFO [http-nio-8080-exec-377] org.apache.catalina.core.ApplicationContext.log Manager: restart: Reloading web application '/quanlykho'
21-Apr-2026 03:45:26.067 INFO [http-nio-8080-exec-376] org.apache.catalina.core.ApplicationContext.log Manager: list: Listing contexts for virtual host 'localhost'
21-Apr-2026 03:45:26.123 INFO [http-nio-8080-exec-383] org.apache.catalina.core.ApplicationContext.log Manager: list: Listing contexts for virtual host 'localhost'
21-Apr-2026 03:45:26.126 INFO [http-nio-8080-exec-373] org.apache.catalina.core.ApplicationContext.log Manager: restart: Reloading web application '/quanlykho'
21-Apr-2026 03:45:26.615 INFO [http-nio-8080-exec-380] org.apache.catalina.core.ApplicationContext.log Manager: list: Listing contexts for virtual host 'localhost'
21-Apr-2026 03:45:26.616 INFO [http-nio-8080-exec-383] org.apache.catalina.core.ApplicationContext.log Manager: list: Listing contexts for virtual host 'localhost'
21-Apr-2026 03:45:26.631 INFO [http-nio-8080-exec-382] org.apache.catalina.core.ApplicationContext.log Manager: restart: Reloading web application '/quanlykho'
21-Apr-2026 03:45:26.688 INFO [http-nio-8080-exec-374] org.apache.catalina.core.ApplicationContext.log Manager: list: Listing contexts for virtual host 'localhost'
21-Apr-2026 03:45:26.866 INFO [http-nio-8080-exec-384] org.apache.catalina.core.ApplicationContext.log Manager: restart: Reloading web application '/quanlykho'
21-Apr-2026 03:47:58.632 INFO [http-nio-8080-exec-393] org.apache.catalina.core.ApplicationContext.log Manager: list: Listing contexts for virtual host 'localhost'
21-Apr-2026 03:47:58.636 INFO [http-nio-8080-exec-394] org.apache.catalina.core.ApplicationContext.log Manager: restart: Reloading web application '/quanlykho'
21-Apr-2026 03:48:31.376 INFO [http-nio-8080-exec-387] org.apache.catalina.core.ApplicationContext.log Manager: list: Listing contexts for virtual host 'localhost'
21-Apr-2026 03:48:31.379 INFO [http-nio-8080-exec-386] org.apache.catalina.core.ApplicationContext.log Manager: restart: Reloading web application '/quanlykho'
21-Apr-2026 03:49:30.561 INFO [http-nio-8080-exec-393] org.apache.catalina.core.ApplicationContext.log Manager: list: Listing contexts for virtual host 'localhost'
21-Apr-2026 03:49:30.564 INFO [http-nio-8080-exec-389] org.apache.catalina.core.ApplicationContext.log Manager: restart: Reloading web application '/quanlykho'
21-Apr-2026 03:49:31.197 INFO [http-nio-8080-exec-393] org.apache.catalina.core.ApplicationContext.log Manager: list: Listing contexts for virtual host 'localhost'
21-Apr-2026 03:49:31.201 INFO [http-nio-8080-exec-391] org.apache.catalina.core.ApplicationContext.log Manager: restart: Reloading web application '/quanlykho'
21-Apr-2026 03:49:32.180 INFO [http-nio-8080-exec-393] org.apache.catalina.core.ApplicationContext.log Manager: list: Listing contexts for virtual host 'localhost'
21-Apr-2026 03:49:32.183 INFO [http-nio-8080-exec-397] org.apache.catalina.core.ApplicationContext.log Manager: restart: Reloading web application '/quanlykho'
21-Apr-2026 03:49:32.740 INFO [http-nio-8080-exec-395] org.apache.catalina.core.ApplicationContext.log Manager: list: Listing contexts for virtual host 'localhost'
21-Apr-2026 03:49:32.743 INFO [http-nio-8080-exec-398] org.apache.catalina.core.ApplicationContext.log Manager: restart: Reloading web application '/quanlykho'
21-Apr-2026 03:50:10.350 INFO [http-nio-8080-exec-385] org.apache.catalina.core.ApplicationContext.log Manager: list: Listing contexts for virtual host 'localhost'
21-Apr-2026 03:50:10.664 INFO [http-nio-8080-exec-396] org.apache.catalina.core.ApplicationContext.log Manager: list: Listing contexts for virtual host 'localhost'
21-Apr-2026 03:50:10.665 INFO [http-nio-8080-exec-393] org.apache.catalina.core.ApplicationContext.log Manager: list: Listing contexts for virtual host 'localhost'
21-Apr-2026 03:50:10.680 INFO [http-nio-8080-exec-398] org.apache.catalina.core.ApplicationContext.log Manager: restart: Reloading web application '/quanlykho'
21-Apr-2026 03:51:31.097 INFO [http-nio-8080-exec-408] org.apache.catalina.core.ApplicationContext.log Manager: list: Listing contexts for virtual host 'localhost'
21-Apr-2026 03:51:31.099 INFO [http-nio-8080-exec-409] org.apache.catalina.core.ApplicationContext.log Manager: list: Listing contexts for virtual host 'localhost'
21-Apr-2026 03:54:51.976 INFO [http-nio-8080-exec-403] org.apache.catalina.core.ApplicationContext.log Manager: list: Listing contexts for virtual host 'localhost'
21-Apr-2026 03:54:51.982 INFO [http-nio-8080-exec-404] org.apache.catalina.core.ApplicationContext.log Manager: restart: Reloading web application '/quanlykho'
21-Apr-2026 03:54:52.582 INFO [http-nio-8080-exec-406] org.apache.catalina.core.ApplicationContext.log Manager: list: Listing contexts for virtual host 'localhost'
21-Apr-2026 03:54:52.585 INFO [http-nio-8080-exec-407] org.apache.catalina.core.ApplicationContext.log Manager: restart: Reloading web application '/quanlykho'
21-Apr-2026 03:55:08.927 INFO [http-nio-8080-exec-406] org.apache.catalina.core.ApplicationContext.log Manager: list: Listing contexts for virtual host 'localhost'
21-Apr-2026 03:55:08.930 INFO [http-nio-8080-exec-405] org.apache.catalina.core.ApplicationContext.log Manager: restart: Reloading web application '/quanlykho'
21-Apr-2026 03:55:09.060 INFO [http-nio-8080-exec-411] org.apache.catalina.core.ApplicationContext.log Manager: list: Listing contexts for virtual host 'localhost'
21-Apr-2026 03:55:09.061 INFO [http-nio-8080-exec-406] org.apache.catalina.core.ApplicationContext.log Manager: list: Listing contexts for virtual host 'localhost'
21-Apr-2026 03:55:09.186 INFO [http-nio-8080-exec-407] org.apache.catalina.core.ApplicationContext.log Manager: restart: Reloading web application '/quanlykho'
21-Apr-2026 03:58:47.600 INFO [http-nio-8080-exec-414] org.apache.catalina.core.ApplicationContext.log Manager: list: Listing contexts for virtual host 'localhost'
21-Apr-2026 03:58:47.666 INFO [http-nio-8080-exec-418] org.apache.catalina.core.ApplicationContext.log Manager: list: Listing contexts for virtual host 'localhost'
21-Apr-2026 03:58:47.685 INFO [http-nio-8080-exec-417] org.apache.catalina.core.ApplicationContext.log Manager: restart: Reloading web application '/quanlykho'
21-Apr-2026 03:58:48.221 INFO [http-nio-8080-exec-418] org.apache.catalina.core.ApplicationContext.log Manager: list: Listing contexts for virtual host 'localhost'
21-Apr-2026 03:58:48.223 INFO [http-nio-8080-exec-416] org.apache.catalina.core.ApplicationContext.log Manager: list: Listing contexts for virtual host 'localhost'
21-Apr-2026 03:58:48.245 INFO [http-nio-8080-exec-415] org.apache.catalina.core.ApplicationContext.log Manager: restart: Reloading web application '/quanlykho'
21-Apr-2026 03:58:48.261 INFO [http-nio-8080-exec-413] org.apache.catalina.core.ApplicationContext.log Manager: list: Listing contexts for virtual host 'localhost'
21-Apr-2026 03:58:48.496 INFO [http-nio-8080-exec-416] org.apache.catalina.core.ApplicationContext.log Manager: restart: Reloading web application '/quanlykho'
21-Apr-2026 04:00:45.915 INFO [http-nio-8080-exec-425] org.apache.catalina.core.ApplicationContext.log Manager: list: Listing contexts for virtual host 'localhost'
21-Apr-2026 04:00:45.919 INFO [http-nio-8080-exec-429] org.apache.catalina.core.ApplicationContext.log Manager: restart: Reloading web application '/quanlykho'
21-Apr-2026 04:02:08.601 INFO [http-nio-8080-exec-435] org.apache.catalina.core.ApplicationContext.log Manager: list: Listing contexts for virtual host 'localhost'
21-Apr-2026 04:02:08.604 INFO [http-nio-8080-exec-425] org.apache.catalina.core.ApplicationContext.log Manager: restart: Reloading web application '/quanlykho'
21-Apr-2026 04:02:47.942 INFO [http-nio-8080-exec-433] org.apache.catalina.core.ApplicationContext.log Manager: list: Listing contexts for virtual host 'localhost'
21-Apr-2026 04:02:47.994 INFO [http-nio-8080-exec-425] org.apache.catalina.core.ApplicationContext.log Manager: list: Listing contexts for virtual host 'localhost'
21-Apr-2026 04:02:47.997 INFO [http-nio-8080-exec-435] org.apache.catalina.core.ApplicationContext.log Manager: restart: Reloading web application '/quanlykho'
21-Apr-2026 04:02:48.492 INFO [http-nio-8080-exec-431] org.apache.catalina.core.ApplicationContext.log Manager: list: Listing contexts for virtual host 'localhost'
21-Apr-2026 04:02:48.493 INFO [http-nio-8080-exec-433] org.apache.catalina.core.ApplicationContext.log Manager: list: Listing contexts for virtual host 'localhost'
21-Apr-2026 04:02:48.508 INFO [http-nio-8080-exec-423] org.apache.catalina.core.ApplicationContext.log Manager: restart: Reloading web application '/quanlykho'
21-Apr-2026 04:02:48.570 INFO [http-nio-8080-exec-435] org.apache.catalina.core.ApplicationContext.log Manager: list: Listing contexts for virtual host 'localhost'
21-Apr-2026 04:02:48.766 INFO [http-nio-8080-exec-436] org.apache.catalina.core.ApplicationContext.log Manager: restart: Reloading web application '/quanlykho'
21-Apr-2026 08:52:34.004 INFO [http-nio-8080-exec-2] org.apache.catalina.core.ApplicationContext.log Manager: init: Associated with Deployer 'Catalina:type=Deployer,host=localhost'
21-Apr-2026 08:52:34.004 INFO [http-nio-8080-exec-2] org.apache.catalina.core.ApplicationContext.log Manager: init: Global resources are available
21-Apr-2026 08:52:34.028 INFO [http-nio-8080-exec-9] org.apache.catalina.core.ApplicationContext.log Manager: list: Listing contexts for virtual host 'localhost'
21-Apr-2026 08:52:34.031 INFO [http-nio-8080-exec-6] org.apache.catalina.core.ApplicationContext.log Manager: list: Listing contexts for virtual host 'localhost'
21-Apr-2026 08:54:41.032 INFO [http-nio-8080-exec-4] org.apache.catalina.core.ApplicationContext.log Manager: list: Listing contexts for virtual host 'localhost'
21-Apr-2026 08:54:41.035 INFO [http-nio-8080-exec-9] org.apache.catalina.core.ApplicationContext.log Manager: list: Listing contexts for virtual host 'localhost'
21-Apr-2026 08:55:16.612 INFO [http-nio-8080-exec-2] org.apache.catalina.core.ApplicationContext.log Manager: list: Listing contexts for virtual host 'localhost'
21-Apr-2026 08:55:16.614 INFO [http-nio-8080-exec-3] org.apache.catalina.core.ApplicationContext.log Manager: list: Listing contexts for virtual host 'localhost'
21-Apr-2026 09:09:46.928 INFO [http-nio-8080-exec-2] org.apache.catalina.core.ApplicationContext.log Manager: list: Listing contexts for virtual host 'localhost'
21-Apr-2026 09:09:47.286 INFO [http-nio-8080-exec-9] org.apache.catalina.core.ApplicationContext.log Manager: list: Listing contexts for virtual host 'localhost'
21-Apr-2026 09:09:47.289 INFO [http-nio-8080-exec-3] org.apache.catalina.core.ApplicationContext.log Manager: restart: Reloading web application '/quanlykho'
21-Apr-2026 09:09:47.433 INFO [http-nio-8080-exec-1] org.apache.catalina.core.ApplicationContext.log Manager: list: Listing contexts for virtual host 'localhost'
21-Apr-2026 09:09:47.435 INFO [http-nio-8080-exec-4] org.apache.catalina.core.ApplicationContext.log Manager: list: Listing contexts for virtual host 'localhost'
21-Apr-2026 09:09:47.612 INFO [http-nio-8080-exec-9] org.apache.catalina.core.ApplicationContext.log Manager: restart: Reloading web application '/quanlykho'
21-Apr-2026 09:11:55.122 INFO [http-nio-8080-exec-14] org.apache.catalina.core.ApplicationContext.log Manager: list: Listing contexts for virtual host 'localhost'
21-Apr-2026 09:11:55.126 INFO [http-nio-8080-exec-19] org.apache.catalina.core.ApplicationContext.log Manager: restart: Reloading web application '/quanlykho'
21-Apr-2026 09:12:52.379 INFO [http-nio-8080-exec-20] org.apache.catalina.core.ApplicationContext.log Manager: list: Listing contexts for virtual host 'localhost'
21-Apr-2026 09:12:52.382 INFO [http-nio-8080-exec-15] org.apache.catalina.core.ApplicationContext.log Manager: restart: Reloading web application '/quanlykho'
21-Apr-2026 09:12:52.802 INFO [http-nio-8080-exec-13] org.apache.catalina.core.ApplicationContext.log Manager: list: Listing contexts for virtual host 'localhost'
21-Apr-2026 09:12:52.806 INFO [http-nio-8080-exec-17] org.apache.catalina.core.ApplicationContext.log Manager: list: Listing contexts for virtual host 'localhost'
21-Apr-2026 09:12:52.831 INFO [http-nio-8080-exec-14] org.apache.catalina.core.ApplicationContext.log Manager: restart: Reloading web application '/quanlykho'
21-Apr-2026 09:12:53.075 INFO [http-nio-8080-exec-21] org.apache.catalina.core.ApplicationContext.log Manager: list: Listing contexts for virtual host 'localhost'
21-Apr-2026 09:12:53.173 INFO [http-nio-8080-exec-13] org.apache.catalina.core.ApplicationContext.log Manager: restart: Reloading web application '/quanlykho'
21-Apr-2026 09:14:58.928 INFO [http-nio-8080-exec-25] org.apache.catalina.core.ApplicationContext.log Manager: list: Listing contexts for virtual host 'localhost'
21-Apr-2026 09:14:58.930 INFO [http-nio-8080-exec-26] org.apache.catalina.core.ApplicationContext.log Manager: restart: Reloading web application '/quanlykho'
21-Apr-2026 09:14:59.224 INFO [http-nio-8080-exec-34] org.apache.catalina.core.ApplicationContext.log Manager: list: Listing contexts for virtual host 'localhost'
21-Apr-2026 09:14:59.227 INFO [http-nio-8080-exec-26] org.apache.catalina.core.ApplicationContext.log Manager: list: Listing contexts for virtual host 'localhost'
21-Apr-2026 09:14:59.253 INFO [http-nio-8080-exec-31] org.apache.catalina.core.ApplicationContext.log Manager: restart: Reloading web application '/quanlykho'
21-Apr-2026 09:14:59.537 INFO [http-nio-8080-exec-32] org.apache.catalina.core.ApplicationContext.log Manager: list: Listing contexts for virtual host 'localhost'
21-Apr-2026 09:14:59.541 INFO [http-nio-8080-exec-28] org.apache.catalina.core.ApplicationContext.log Manager: restart: Reloading web application '/quanlykho'
21-Apr-2026 09:15:43.883 INFO [http-nio-8080-exec-41] org.apache.catalina.core.ApplicationContext.log Manager: list: Listing contexts for virtual host 'localhost'
21-Apr-2026 09:15:43.886 INFO [http-nio-8080-exec-35] org.apache.catalina.core.ApplicationContext.log Manager: restart: Reloading web application '/quanlykho'
21-Apr-2026 09:15:44.136 INFO [http-nio-8080-exec-40] org.apache.catalina.core.ApplicationContext.log Manager: list: Listing contexts for virtual host 'localhost'
21-Apr-2026 09:15:44.137 INFO [http-nio-8080-exec-30] org.apache.catalina.core.ApplicationContext.log Manager: list: Listing contexts for virtual host 'localhost'
21-Apr-2026 09:15:44.156 INFO [http-nio-8080-exec-30] org.apache.catalina.core.ApplicationContext.log Manager: restart: Reloading web application '/quanlykho'
21-Apr-2026 09:15:44.456 INFO [http-nio-8080-exec-28] org.apache.catalina.core.ApplicationContext.log Manager: list: Listing contexts for virtual host 'localhost'
21-Apr-2026 09:15:44.459 INFO [http-nio-8080-exec-30] org.apache.catalina.core.ApplicationContext.log Manager: restart: Reloading web application '/quanlykho'
21-Apr-2026 09:20:50.486 INFO [http-nio-8080-exec-45] org.apache.catalina.core.ApplicationContext.log Manager: list: Listing contexts for virtual host 'localhost'
21-Apr-2026 09:20:50.489 INFO [http-nio-8080-exec-46] org.apache.catalina.core.ApplicationContext.log Manager: restart: Reloading web application '/quanlykho'
21-Apr-2026 09:21:00.722 INFO [http-nio-8080-exec-53] org.apache.catalina.core.ApplicationContext.log Manager: list: Listing contexts for virtual host 'localhost'
21-Apr-2026 09:21:00.725 INFO [http-nio-8080-exec-50] org.apache.catalina.core.ApplicationContext.log Manager: restart: Reloading web application '/quanlykho'
21-Apr-2026 09:21:00.985 INFO [http-nio-8080-exec-42] org.apache.catalina.core.ApplicationContext.log Manager: list: Listing contexts for virtual host 'localhost'
21-Apr-2026 09:21:00.987 INFO [http-nio-8080-exec-53] org.apache.catalina.core.ApplicationContext.log Manager: list: Listing contexts for virtual host 'localhost'
21-Apr-2026 09:21:01.003 INFO [http-nio-8080-exec-53] org.apache.catalina.core.ApplicationContext.log Manager: restart: Reloading web application '/quanlykho'
21-Apr-2026 09:21:01.299 INFO [http-nio-8080-exec-48] org.apache.catalina.core.ApplicationContext.log Manager: list: Listing contexts for virtual host 'localhost'
21-Apr-2026 09:21:01.303 INFO [http-nio-8080-exec-53] org.apache.catalina.core.ApplicationContext.log Manager: restart: Reloading web application '/quanlykho'
21-Apr-2026 09:22:42.102 INFO [http-nio-8080-exec-59] org.apache.catalina.core.ApplicationContext.log Manager: list: Listing contexts for virtual host 'localhost'
21-Apr-2026 09:22:42.421 INFO [http-nio-8080-exec-58] org.apache.catalina.core.ApplicationContext.log Manager: list: Listing contexts for virtual host 'localhost'
21-Apr-2026 09:22:42.426 INFO [http-nio-8080-exec-54] org.apache.catalina.core.ApplicationContext.log Manager: restart: Reloading web application '/quanlykho'
21-Apr-2026 09:22:43.013 INFO [http-nio-8080-exec-57] org.apache.catalina.core.ApplicationContext.log Manager: list: Listing contexts for virtual host 'localhost'
21-Apr-2026 09:22:43.015 INFO [http-nio-8080-exec-59] org.apache.catalina.core.ApplicationContext.log Manager: restart: Reloading web application '/quanlykho'
21-Apr-2026 09:22:43.936 INFO [http-nio-8080-exec-55] org.apache.catalina.core.ApplicationContext.log Manager: list: Listing contexts for virtual host 'localhost'
21-Apr-2026 09:22:43.939 INFO [http-nio-8080-exec-58] org.apache.catalina.core.ApplicationContext.log Manager: list: Listing contexts for virtual host 'localhost'
21-Apr-2026 09:22:43.954 INFO [http-nio-8080-exec-62] org.apache.catalina.core.ApplicationContext.log Manager: restart: Reloading web application '/quanlykho'
21-Apr-2026 09:24:18.028 INFO [http-nio-8080-exec-65] org.apache.catalina.core.ApplicationContext.log Manager: list: Listing contexts for virtual host 'localhost'
21-Apr-2026 09:24:18.030 INFO [http-nio-8080-exec-67] org.apache.catalina.core.ApplicationContext.log Manager: restart: Reloading web application '/quanlykho'
21-Apr-2026 09:25:05.013 INFO [http-nio-8080-exec-71] org.apache.catalina.core.ApplicationContext.log Manager: list: Listing contexts for virtual host 'localhost'
21-Apr-2026 09:25:05.082 INFO [http-nio-8080-exec-66] org.apache.catalina.core.ApplicationContext.log Manager: list: Listing contexts for virtual host 'localhost'
21-Apr-2026 09:25:05.086 INFO [http-nio-8080-exec-71] org.apache.catalina.core.ApplicationContext.log Manager: undeploy: Undeploying web application at '/quanlykho'
21-Apr-2026 09:25:07.752 INFO [http-nio-8080-exec-66] org.apache.catalina.core.ApplicationContext.log Manager: list: Listing contexts for virtual host 'localhost'
21-Apr-2026 09:25:07.753 INFO [http-nio-8080-exec-51] org.apache.catalina.core.ApplicationContext.log Manager: list: Listing contexts for virtual host 'localhost'
21-Apr-2026 09:25:07.763 INFO [http-nio-8080-exec-64] org.apache.catalina.core.ApplicationContext.log Manager: install: Installing context configuration at 'file:/C:/Users/Admin/AppData/Local/Temp/context13404278187659449178.xml'
21-Apr-2026 09:25:08.002 INFO [http-nio-8080-exec-71] org.apache.catalina.core.ApplicationContext.log Manager: start: Starting web application '/quanlykho'
21-Apr-2026 09:27:24.252 INFO [http-nio-8080-exec-78] org.apache.catalina.core.ApplicationContext.log Manager: list: Listing contexts for virtual host 'localhost'
21-Apr-2026 09:27:24.258 INFO [http-nio-8080-exec-80] org.apache.catalina.core.ApplicationContext.log Manager: restart: Reloading web application '/quanlykho'
21-Apr-2026 09:28:04.170 INFO [http-nio-8080-exec-72] org.apache.catalina.core.ApplicationContext.log Manager: list: Listing contexts for virtual host 'localhost'
21-Apr-2026 09:28:04.438 INFO [http-nio-8080-exec-78] org.apache.catalina.core.ApplicationContext.log Manager: list: Listing contexts for virtual host 'localhost'
21-Apr-2026 09:28:04.440 INFO [http-nio-8080-exec-77] org.apache.catalina.core.ApplicationContext.log Manager: restart: Reloading web application '/quanlykho'
21-Apr-2026 09:28:05.708 INFO [http-nio-8080-exec-84] org.apache.catalina.core.ApplicationContext.log Manager: list: Listing contexts for virtual host 'localhost'
21-Apr-2026 09:28:05.710 INFO [http-nio-8080-exec-72] org.apache.catalina.core.ApplicationContext.log Manager: list: Listing contexts for virtual host 'localhost'
21-Apr-2026 09:28:05.731 INFO [http-nio-8080-exec-73] org.apache.catalina.core.ApplicationContext.log Manager: restart: Reloading web application '/quanlykho'
21-Apr-2026 09:30:06.748 INFO [http-nio-8080-exec-85] org.apache.catalina.core.ApplicationContext.log Manager: list: Listing contexts for virtual host 'localhost'
21-Apr-2026 09:30:06.753 INFO [http-nio-8080-exec-91] org.apache.catalina.core.ApplicationContext.log Manager: restart: Reloading web application '/quanlykho'
21-Apr-2026 09:31:05.200 INFO [http-nio-8080-exec-92] org.apache.catalina.core.ApplicationContext.log Manager: list: Listing contexts for virtual host 'localhost'
21-Apr-2026 09:31:05.203 INFO [http-nio-8080-exec-93] org.apache.catalina.core.ApplicationContext.log Manager: restart: Reloading web application '/quanlykho'
21-Apr-2026 09:31:18.209 INFO [http-nio-8080-exec-94] org.apache.catalina.core.ApplicationContext.log Manager: list: Listing contexts for virtual host 'localhost'
21-Apr-2026 09:31:18.212 INFO [http-nio-8080-exec-87] org.apache.catalina.core.ApplicationContext.log Manager: restart: Reloading web application '/quanlykho'
21-Apr-2026 09:31:18.467 INFO [http-nio-8080-exec-95] org.apache.catalina.core.ApplicationContext.log Manager: list: Listing contexts for virtual host 'localhost'
21-Apr-2026 09:31:18.469 INFO [http-nio-8080-exec-89] org.apache.catalina.core.ApplicationContext.log Manager: list: Listing contexts for virtual host 'localhost'
21-Apr-2026 09:31:18.489 INFO [http-nio-8080-exec-89] org.apache.catalina.core.ApplicationContext.log Manager: restart: Reloading web application '/quanlykho'
21-Apr-2026 09:31:18.779 INFO [http-nio-8080-exec-94] org.apache.catalina.core.ApplicationContext.log Manager: list: Listing contexts for virtual host 'localhost'
21-Apr-2026 09:31:18.784 INFO [http-nio-8080-exec-89] org.apache.catalina.core.ApplicationContext.log Manager: restart: Reloading web application '/quanlykho'
21-Apr-2026 09:33:30.007 INFO [http-nio-8080-exec-105] org.apache.catalina.core.ApplicationContext.log Manager: list: Listing contexts for virtual host 'localhost'
21-Apr-2026 09:33:30.010 INFO [http-nio-8080-exec-101] org.apache.catalina.core.ApplicationContext.log Manager: restart: Reloading web application '/quanlykho'
21-Apr-2026 09:35:38.693 INFO [http-nio-8080-exec-108] org.apache.catalina.core.ApplicationContext.log Manager: list: Listing contexts for virtual host 'localhost'
21-Apr-2026 09:35:38.695 INFO [http-nio-8080-exec-97] org.apache.catalina.core.ApplicationContext.log Manager: restart: Reloading web application '/quanlykho'
21-Apr-2026 09:36:37.227 INFO [http-nio-8080-exec-109] org.apache.catalina.core.ApplicationContext.log Manager: list: Listing contexts for virtual host 'localhost'
21-Apr-2026 09:36:37.230 INFO [http-nio-8080-exec-99] org.apache.catalina.core.ApplicationContext.log Manager: restart: Reloading web application '/quanlykho'
21-Apr-2026 09:36:48.361 INFO [http-nio-8080-exec-106] org.apache.catalina.core.ApplicationContext.log Manager: list: Listing contexts for virtual host 'localhost'
21-Apr-2026 09:36:48.697 INFO [http-nio-8080-exec-111] org.apache.catalina.core.ApplicationContext.log Manager: list: Listing contexts for virtual host 'localhost'
21-Apr-2026 09:36:48.699 INFO [http-nio-8080-exec-99] org.apache.catalina.core.ApplicationContext.log Manager: restart: Reloading web application '/quanlykho'
21-Apr-2026 09:36:48.838 INFO [http-nio-8080-exec-97] org.apache.catalina.core.ApplicationContext.log Manager: list: Listing contexts for virtual host 'localhost'
21-Apr-2026 09:36:48.839 INFO [http-nio-8080-exec-112] org.apache.catalina.core.ApplicationContext.log Manager: list: Listing contexts for virtual host 'localhost'
21-Apr-2026 09:36:48.969 INFO [http-nio-8080-exec-100] org.apache.catalina.core.ApplicationContext.log Manager: restart: Reloading web application '/quanlykho'
21-Apr-2026 09:37:42.514 INFO [http-nio-8080-exec-120] org.apache.catalina.core.ApplicationContext.log Manager: list: Listing contexts for virtual host 'localhost'
21-Apr-2026 09:37:42.515 INFO [http-nio-8080-exec-122] org.apache.catalina.core.ApplicationContext.log Manager: list: Listing contexts for virtual host 'localhost'
21-Apr-2026 09:42:20.464 INFO [http-nio-8080-exec-116] org.apache.catalina.core.ApplicationContext.log Manager: list: Listing contexts for virtual host 'localhost'
21-Apr-2026 09:42:20.533 INFO [http-nio-8080-exec-115] org.apache.catalina.core.ApplicationContext.log Manager: list: Listing contexts for virtual host 'localhost'
21-Apr-2026 09:42:20.535 INFO [http-nio-8080-exec-116] org.apache.catalina.core.ApplicationContext.log Manager: undeploy: Undeploying web application at '/quanlykho'
21-Apr-2026 09:42:43.254 INFO [http-nio-8080-exec-113] org.apache.catalina.core.ApplicationContext.log Manager: list: Listing contexts for virtual host 'localhost'
21-Apr-2026 09:42:43.255 INFO [http-nio-8080-exec-120] org.apache.catalina.core.ApplicationContext.log Manager: list: Listing contexts for virtual host 'localhost'
21-Apr-2026 09:42:43.261 INFO [http-nio-8080-exec-121] org.apache.catalina.core.ApplicationContext.log Manager: install: Installing context configuration at 'file:/C:/Users/Admin/AppData/Local/Temp/context16982001307663850061.xml'
21-Apr-2026 09:42:43.489 INFO [http-nio-8080-exec-123] org.apache.catalina.core.ApplicationContext.log Manager: start: Starting web application '/quanlykho'
21-Apr-2026 09:43:04.449 INFO [http-nio-8080-exec-127] org.apache.catalina.core.ApplicationContext.log Manager: list: Listing contexts for virtual host 'localhost'
21-Apr-2026 09:43:04.451 INFO [http-nio-8080-exec-125] org.apache.catalina.core.ApplicationContext.log Manager: list: Listing contexts for virtual host 'localhost'
21-Apr-2026 09:45:22.775 INFO [http-nio-8080-exec-132] org.apache.catalina.core.ApplicationContext.log Manager: list: Listing contexts for virtual host 'localhost'
21-Apr-2026 09:45:22.841 INFO [http-nio-8080-exec-127] org.apache.catalina.core.ApplicationContext.log Manager: list: Listing contexts for virtual host 'localhost'
21-Apr-2026 09:45:22.843 INFO [http-nio-8080-exec-132] org.apache.catalina.core.ApplicationContext.log Manager: undeploy: Undeploying web application at '/quanlykho'
21-Apr-2026 09:45:24.735 INFO [http-nio-8080-exec-130] org.apache.catalina.core.ApplicationContext.log Manager: list: Listing contexts for virtual host 'localhost'
21-Apr-2026 09:45:24.736 INFO [http-nio-8080-exec-124] org.apache.catalina.core.ApplicationContext.log Manager: list: Listing contexts for virtual host 'localhost'
21-Apr-2026 09:45:24.741 INFO [http-nio-8080-exec-125] org.apache.catalina.core.ApplicationContext.log Manager: install: Installing context configuration at 'file:/C:/Users/Admin/AppData/Local/Temp/context17549564916826867915.xml'
21-Apr-2026 09:45:24.962 INFO [http-nio-8080-exec-133] org.apache.catalina.core.ApplicationContext.log Manager: start: Starting web application '/quanlykho'
21-Apr-2026 09:48:47.277 INFO [http-nio-8080-exec-136] org.apache.catalina.core.ApplicationContext.log Manager: list: Listing contexts for virtual host 'localhost'
21-Apr-2026 09:48:47.336 INFO [http-nio-8080-exec-139] org.apache.catalina.core.ApplicationContext.log Manager: list: Listing contexts for virtual host 'localhost'
21-Apr-2026 09:48:47.339 INFO [http-nio-8080-exec-140] org.apache.catalina.core.ApplicationContext.log Manager: undeploy: Undeploying web application at '/quanlykho'
21-Apr-2026 09:48:49.928 INFO [http-nio-8080-exec-142] org.apache.catalina.core.ApplicationContext.log Manager: list: Listing contexts for virtual host 'localhost'
21-Apr-2026 09:48:49.929 INFO [http-nio-8080-exec-138] org.apache.catalina.core.ApplicationContext.log Manager: list: Listing contexts for virtual host 'localhost'
21-Apr-2026 09:48:49.935 INFO [http-nio-8080-exec-135] org.apache.catalina.core.ApplicationContext.log Manager: install: Installing context configuration at 'file:/C:/Users/Admin/AppData/Local/Temp/context10224044974557900907.xml'
21-Apr-2026 09:48:50.171 INFO [http-nio-8080-exec-139] org.apache.catalina.core.ApplicationContext.log Manager: start: Starting web application '/quanlykho'
21-Apr-2026 09:52:49.858 INFO [http-nio-8080-exec-150] org.apache.catalina.core.ApplicationContext.log Manager: list: Listing contexts for virtual host 'localhost'
21-Apr-2026 09:52:49.862 INFO [http-nio-8080-exec-152] org.apache.catalina.core.ApplicationContext.log Manager: undeploy: Undeploying web application at '/quanlykho'
21-Apr-2026 09:52:49.906 INFO [http-nio-8080-exec-144] org.apache.catalina.core.ApplicationContext.log Manager: list: Listing contexts for virtual host 'localhost'
21-Apr-2026 09:52:50.370 INFO [http-nio-8080-exec-153] org.apache.catalina.core.ApplicationContext.log Manager: restart: Reloading web application '/quanlykho'
21-Apr-2026 09:52:51.547 INFO [http-nio-8080-exec-153] org.apache.catalina.core.ApplicationContext.log Manager: list: Listing contexts for virtual host 'localhost'
21-Apr-2026 09:52:51.548 INFO [http-nio-8080-exec-148] org.apache.catalina.core.ApplicationContext.log Manager: list: Listing contexts for virtual host 'localhost'
21-Apr-2026 09:52:51.555 INFO [http-nio-8080-exec-144] org.apache.catalina.core.ApplicationContext.log Manager: install: Installing context configuration at 'file:/C:/Users/Admin/AppData/Local/Temp/context9137833254847338681.xml'
21-Apr-2026 09:52:51.796 INFO [http-nio-8080-exec-152] org.apache.catalina.core.ApplicationContext.log Manager: start: Starting web application '/quanlykho'
21-Apr-2026 09:54:32.336 INFO [http-nio-8080-exec-156] org.apache.catalina.core.ApplicationContext.log Manager: list: Listing contexts for virtual host 'localhost'
21-Apr-2026 09:54:32.338 INFO [http-nio-8080-exec-157] org.apache.catalina.core.ApplicationContext.log Manager: list: Listing contexts for virtual host 'localhost'
21-Apr-2026 09:54:32.348 INFO [http-nio-8080-exec-153] org.apache.catalina.core.ApplicationContext.log Manager: undeploy: Undeploying web application at '/quanlykho'
21-Apr-2026 09:54:32.609 INFO [http-nio-8080-exec-154] org.apache.catalina.core.ApplicationContext.log Manager: list: Listing contexts for virtual host 'localhost'
21-Apr-2026 09:54:32.610 INFO [http-nio-8080-exec-158] org.apache.catalina.core.ApplicationContext.log Manager: list: Listing contexts for virtual host 'localhost'
21-Apr-2026 09:54:32.860 INFO [http-nio-8080-exec-163] org.apache.catalina.core.ApplicationContext.log Manager: install: Installing context configuration at 'file:/C:/Users/Admin/AppData/Local/Temp/context18288397508266380360.xml'
21-Apr-2026 09:54:33.172 INFO [http-nio-8080-exec-155] org.apache.catalina.core.ApplicationContext.log Manager: start: Starting web application '/quanlykho'
21-Apr-2026 09:54:37.886 INFO [http-nio-8080-exec-153] org.apache.catalina.core.ApplicationContext.log Manager: list: Listing contexts for virtual host 'localhost'
21-Apr-2026 09:54:37.887 INFO [http-nio-8080-exec-161] org.apache.catalina.core.ApplicationContext.log Manager: list: Listing contexts for virtual host 'localhost'
21-Apr-2026 09:56:01.420 INFO [http-nio-8080-exec-163] org.apache.catalina.core.ApplicationContext.log Manager: list: Listing contexts for virtual host 'localhost'
21-Apr-2026 09:56:01.421 INFO [http-nio-8080-exec-169] org.apache.catalina.core.ApplicationContext.log Manager: list: Listing contexts for virtual host 'localhost'
21-Apr-2026 10:06:50.012 INFO [http-nio-8080-exec-164] org.apache.catalina.core.ApplicationContext.log Manager: list: Listing contexts for virtual host 'localhost'
21-Apr-2026 10:06:50.033 INFO [http-nio-8080-exec-170] org.apache.catalina.core.ApplicationContext.log Manager: restart: Reloading web application '/quanlykho'
21-Apr-2026 10:07:19.101 INFO [http-nio-8080-exec-167] org.apache.catalina.core.ApplicationContext.log Manager: list: Listing contexts for virtual host 'localhost'
21-Apr-2026 10:07:19.189 INFO [http-nio-8080-exec-174] org.apache.catalina.core.ApplicationContext.log Manager: list: Listing contexts for virtual host 'localhost'
21-Apr-2026 10:07:19.190 INFO [http-nio-8080-exec-167] org.apache.catalina.core.ApplicationContext.log Manager: undeploy: Undeploying web application at '/quanlykho'
21-Apr-2026 10:07:26.998 INFO [http-nio-8080-exec-171] org.apache.catalina.core.ApplicationContext.log Manager: list: Listing contexts for virtual host 'localhost'
21-Apr-2026 10:07:26.999 INFO [http-nio-8080-exec-173] org.apache.catalina.core.ApplicationContext.log Manager: list: Listing contexts for virtual host 'localhost'
21-Apr-2026 10:07:27.006 INFO [http-nio-8080-exec-168] org.apache.catalina.core.ApplicationContext.log Manager: install: Installing context configuration at 'file:/C:/Users/Admin/AppData/Local/Temp/context16754041466339956277.xml'
21-Apr-2026 10:07:27.248 INFO [http-nio-8080-exec-167] org.apache.catalina.core.ApplicationContext.log Manager: start: Starting web application '/quanlykho'
21-Apr-2026 10:12:12.514 INFO [http-nio-8080-exec-183] org.apache.catalina.core.ApplicationContext.log Manager: list: Listing contexts for virtual host 'localhost'
21-Apr-2026 10:12:12.519 INFO [http-nio-8080-exec-178] org.apache.catalina.core.ApplicationContext.log Manager: restart: Reloading web application '/quanlykho'
21-Apr-2026 10:12:13.122 INFO [http-nio-8080-exec-181] org.apache.catalina.core.ApplicationContext.log Manager: list: Listing contexts for virtual host 'localhost'
21-Apr-2026 10:12:13.124 INFO [http-nio-8080-exec-182] org.apache.catalina.core.ApplicationContext.log Manager: restart: Reloading web application '/quanlykho'
21-Apr-2026 10:12:36.177 INFO [http-nio-8080-exec-175] org.apache.catalina.core.ApplicationContext.log Manager: list: Listing contexts for virtual host 'localhost'
21-Apr-2026 10:12:36.204 INFO [http-nio-8080-exec-182] org.apache.catalina.core.ApplicationContext.log Manager: list: Listing contexts for virtual host 'localhost'
21-Apr-2026 10:12:47.128 INFO [http-nio-8080-exec-175] org.apache.catalina.core.ApplicationContext.log Manager: list: Listing contexts for virtual host 'localhost'
21-Apr-2026 10:12:47.134 INFO [http-nio-8080-exec-187] org.apache.catalina.core.ApplicationContext.log Manager: restart: Reloading web application '/quanlykho'
21-Apr-2026 10:12:47.706 INFO [http-nio-8080-exec-176] org.apache.catalina.core.ApplicationContext.log Manager: list: Listing contexts for virtual host 'localhost'
21-Apr-2026 10:12:47.709 INFO [http-nio-8080-exec-181] org.apache.catalina.core.ApplicationContext.log Manager: restart: Reloading web application '/quanlykho'
21-Apr-2026 10:12:51.174 INFO [http-nio-8080-exec-186] org.apache.catalina.core.ApplicationContext.log Manager: list: Listing contexts for virtual host 'localhost'
21-Apr-2026 10:12:51.177 INFO [http-nio-8080-exec-175] org.apache.catalina.core.ApplicationContext.log Manager: restart: Reloading web application '/quanlykho'
21-Apr-2026 10:13:24.873 INFO [http-nio-8080-exec-183] org.apache.catalina.core.ApplicationContext.log Manager: list: Listing contexts for virtual host 'localhost'
21-Apr-2026 10:13:25.200 INFO [http-nio-8080-exec-175] org.apache.catalina.core.ApplicationContext.log Manager: list: Listing contexts for virtual host 'localhost'
21-Apr-2026 10:13:25.203 INFO [http-nio-8080-exec-184] org.apache.catalina.core.ApplicationContext.log Manager: restart: Reloading web application '/quanlykho'
21-Apr-2026 10:13:25.306 INFO [http-nio-8080-exec-176] org.apache.catalina.core.ApplicationContext.log Manager: list: Listing contexts for virtual host 'localhost'
21-Apr-2026 10:13:25.307 INFO [http-nio-8080-exec-189] org.apache.catalina.core.ApplicationContext.log Manager: list: Listing contexts for virtual host 'localhost'
21-Apr-2026 10:13:25.435 INFO [http-nio-8080-exec-187] org.apache.catalina.core.ApplicationContext.log Manager: restart: Reloading web application '/quanlykho'
21-Apr-2026 10:14:08.304 INFO [http-nio-8080-exec-190] org.apache.catalina.core.ApplicationContext.log Manager: list: Listing contexts for virtual host 'localhost'
21-Apr-2026 10:14:08.307 INFO [http-nio-8080-exec-197] org.apache.catalina.core.ApplicationContext.log Manager: undeploy: Undeploying web application at '/quanlykho'
21-Apr-2026 10:14:09.981 INFO [http-nio-8080-exec-201] org.apache.catalina.core.ApplicationContext.log Manager: list: Listing contexts for virtual host 'localhost'
21-Apr-2026 10:14:09.982 INFO [http-nio-8080-exec-190] org.apache.catalina.core.ApplicationContext.log Manager: list: Listing contexts for virtual host 'localhost'
21-Apr-2026 10:14:09.989 INFO [http-nio-8080-exec-198] org.apache.catalina.core.ApplicationContext.log Manager: install: Installing context configuration at 'file:/C:/Users/Admin/AppData/Local/Temp/context1067680045737459652.xml'
21-Apr-2026 10:14:10.235 INFO [http-nio-8080-exec-193] org.apache.catalina.core.ApplicationContext.log Manager: start: Starting web application '/quanlykho'
21-Apr-2026 10:17:49.956 INFO [http-nio-8080-exec-201] org.apache.catalina.core.ApplicationContext.log Manager: list: Listing contexts for virtual host 'localhost'
21-Apr-2026 10:17:50.212 INFO [http-nio-8080-exec-202] org.apache.catalina.core.ApplicationContext.log Manager: list: Listing contexts for virtual host 'localhost'
21-Apr-2026 10:17:50.214 INFO [http-nio-8080-exec-204] org.apache.catalina.core.ApplicationContext.log Manager: restart: Reloading web application '/quanlykho'
21-Apr-2026 10:17:50.324 INFO [http-nio-8080-exec-208] org.apache.catalina.core.ApplicationContext.log Manager: list: Listing contexts for virtual host 'localhost'
21-Apr-2026 10:17:50.325 INFO [http-nio-8080-exec-201] org.apache.catalina.core.ApplicationContext.log Manager: list: Listing contexts for virtual host 'localhost'
21-Apr-2026 10:17:50.465 INFO [http-nio-8080-exec-202] org.apache.catalina.core.ApplicationContext.log Manager: restart: Reloading web application '/quanlykho'
21-Apr-2026 10:22:35.864 INFO [http-nio-8080-exec-218] org.apache.catalina.core.ApplicationContext.log Manager: list: Listing contexts for virtual host 'localhost'
21-Apr-2026 10:22:35.867 INFO [http-nio-8080-exec-219] org.apache.catalina.core.ApplicationContext.log Manager: undeploy: Undeploying web application at '/quanlykho'
21-Apr-2026 10:22:35.913 INFO [http-nio-8080-exec-214] org.apache.catalina.core.ApplicationContext.log Manager: list: Listing contexts for virtual host 'localhost'
21-Apr-2026 10:22:36.375 INFO [http-nio-8080-exec-212] org.apache.catalina.core.ApplicationContext.log Manager: restart: Reloading web application '/quanlykho'
21-Apr-2026 10:22:37.494 INFO [http-nio-8080-exec-217] org.apache.catalina.core.ApplicationContext.log Manager: list: Listing contexts for virtual host 'localhost'
21-Apr-2026 10:22:37.495 INFO [http-nio-8080-exec-216] org.apache.catalina.core.ApplicationContext.log Manager: list: Listing contexts for virtual host 'localhost'
21-Apr-2026 10:22:37.501 INFO [http-nio-8080-exec-219] org.apache.catalina.core.ApplicationContext.log Manager: install: Installing context configuration at 'file:/C:/Users/Admin/AppData/Local/Temp/context15505131939364849531.xml'
21-Apr-2026 10:22:37.751 INFO [http-nio-8080-exec-212] org.apache.catalina.core.ApplicationContext.log Manager: start: Starting web application '/quanlykho'
21-Apr-2026 10:25:44.149 INFO [http-nio-8080-exec-226] org.apache.catalina.core.ApplicationContext.log Manager: list: Listing contexts for virtual host 'localhost'
21-Apr-2026 10:25:44.150 INFO [http-nio-8080-exec-230] org.apache.catalina.core.ApplicationContext.log Manager: list: Listing contexts for virtual host 'localhost'
21-Apr-2026 10:25:44.157 INFO [http-nio-8080-exec-227] org.apache.catalina.core.ApplicationContext.log Manager: undeploy: Undeploying web application at '/quanlykho'
21-Apr-2026 10:25:44.671 INFO [http-nio-8080-exec-230] org.apache.catalina.core.ApplicationContext.log Manager: install: Installing context configuration at 'file:/C:/Users/Admin/AppData/Local/Temp/context12102207489379993766.xml'
21-Apr-2026 10:25:44.946 INFO [http-nio-8080-exec-228] org.apache.catalina.core.ApplicationContext.log Manager: start: Starting web application '/quanlykho'
21-Apr-2026 10:26:45.713 INFO [http-nio-8080-exec-232] org.apache.catalina.core.ApplicationContext.log Manager: list: Listing contexts for virtual host 'localhost'
21-Apr-2026 10:26:46.030 INFO [http-nio-8080-exec-233] org.apache.catalina.core.ApplicationContext.log Manager: list: Listing contexts for virtual host 'localhost'
21-Apr-2026 10:26:57.907 INFO [http-nio-8080-exec-231] org.apache.catalina.core.ApplicationContext.log Manager: list: Listing contexts for virtual host 'localhost'
21-Apr-2026 10:27:12.775 INFO [http-nio-8080-exec-235] org.apache.catalina.core.ApplicationContext.log Manager: list: Listing contexts for virtual host 'localhost'
21-Apr-2026 10:27:13.047 INFO [http-nio-8080-exec-234] org.apache.catalina.core.ApplicationContext.log Manager: list: Listing contexts for virtual host 'localhost'
21-Apr-2026 10:27:13.049 INFO [http-nio-8080-exec-226] org.apache.catalina.core.ApplicationContext.log Manager: restart: Reloading web application '/quanlykho'
21-Apr-2026 10:27:13.154 INFO [http-nio-8080-exec-232] org.apache.catalina.core.ApplicationContext.log Manager: list: Listing contexts for virtual host 'localhost'
21-Apr-2026 10:27:13.155 INFO [http-nio-8080-exec-233] org.apache.catalina.core.ApplicationContext.log Manager: list: Listing contexts for virtual host 'localhost'
21-Apr-2026 10:27:13.285 INFO [http-nio-8080-exec-225] org.apache.catalina.core.ApplicationContext.log Manager: restart: Reloading web application '/quanlykho'
21-Apr-2026 10:27:24.919 INFO [http-nio-8080-exec-226] org.apache.catalina.core.ApplicationContext.log Manager: list: Listing contexts for virtual host 'localhost'
21-Apr-2026 10:27:24.921 INFO [http-nio-8080-exec-239] org.apache.catalina.core.ApplicationContext.log Manager: undeploy: Undeploying web application at '/quanlykho'
21-Apr-2026 10:28:34.747 INFO [http-nio-8080-exec-241] org.apache.catalina.core.ApplicationContext.log Manager: list: Listing contexts for virtual host 'localhost'
21-Apr-2026 10:28:34.748 INFO [http-nio-8080-exec-238] org.apache.catalina.core.ApplicationContext.log Manager: list: Listing contexts for virtual host 'localhost'
21-Apr-2026 10:28:34.754 INFO [http-nio-8080-exec-231] org.apache.catalina.core.ApplicationContext.log Manager: install: Installing context configuration at 'file:/C:/Users/Admin/AppData/Local/Temp/context7933436815114420125.xml'
21-Apr-2026 10:28:34.973 INFO [http-nio-8080-exec-236] org.apache.catalina.core.ApplicationContext.log Manager: start: Starting web application '/quanlykho'
21-Apr-2026 10:32:54.918 INFO [http-nio-8080-exec-240] org.apache.catalina.core.ApplicationContext.log Manager: list: Listing contexts for virtual host 'localhost'
21-Apr-2026 10:32:55.050 INFO [http-nio-8080-exec-244] org.apache.catalina.core.ApplicationContext.log Manager: list: Listing contexts for virtual host 'localhost'
21-Apr-2026 10:32:55.052 INFO [http-nio-8080-exec-243] org.apache.catalina.core.ApplicationContext.log Manager: restart: Reloading web application '/quanlykho'
21-Apr-2026 10:32:55.414 INFO [http-nio-8080-exec-245] org.apache.catalina.core.ApplicationContext.log Manager: list: Listing contexts for virtual host 'localhost'
21-Apr-2026 10:32:55.417 INFO [http-nio-8080-exec-240] org.apache.catalina.core.ApplicationContext.log Manager: restart: Reloading web application '/quanlykho'
21-Apr-2026 10:32:55.556 INFO [http-nio-8080-exec-247] org.apache.catalina.core.ApplicationContext.log Manager: list: Listing contexts for virtual host 'localhost'
21-Apr-2026 10:32:55.557 INFO [http-nio-8080-exec-248] org.apache.catalina.core.ApplicationContext.log Manager: list: Listing contexts for virtual host 'localhost'
21-Apr-2026 10:32:55.677 INFO [http-nio-8080-exec-249] org.apache.catalina.core.ApplicationContext.log Manager: restart: Reloading web application '/quanlykho'
21-Apr-2026 10:43:36.096 INFO [http-nio-8080-exec-253] org.apache.catalina.core.ApplicationContext.log Manager: list: Listing contexts for virtual host 'localhost'
21-Apr-2026 10:43:36.097 INFO [http-nio-8080-exec-257] org.apache.catalina.core.ApplicationContext.log Manager: list: Listing contexts for virtual host 'localhost'
